Using pre-set license

 COMMAND LINE ARGUMENTS:
/Volumes/EXTMAC/Applications/Unity/2020.3.7f1/Unity.app/Contents/MacOS/Unity
-adb2
-batchMode
-noUpm
-name
AssetImportWorker0
-projectPath
/Users/enricodeveloper/Desktop/firstleveltry
-logFile
Logs/AssetImportWorker0.log
-srvPort
53962
Successfully changed project path to: /Users/enricodeveloper/Desktop/firstleveltry
/Users/enricodeveloper/Desktop/firstleveltry
Using Asset Import Pipeline V2.
Refreshing native plugins compatible for Editor in 75.51 ms, found 1 plugins.
Preloading 0 native plugins for Editor in 0.00 ms.
Initialize engine version: 2020.3.7f1 (dd97f2c94397)
[Subsystems] Discovering subsystems at path /Volumes/EXTMAC/Applications/Unity/2020.3.7f1/Unity.app/Contents/Resources/UnitySubsystems
[Subsystems] Discovering subsystems at path /Users/enricodeveloper/Desktop/firstleveltry/Assets
GfxDevice: creating device client; threaded=0
2021-07-07 09:53:21.349 Unity[8140:275482] Color LCD preferred device: Intel HD Graphics 4000 (low power)
2021-07-07 09:53:21.349 Unity[8140:275482] Metal devices available: 1
2021-07-07 09:53:21.349 Unity[8140:275482] 0: Intel HD Graphics 4000 (low power)
2021-07-07 09:53:21.351 Unity[8140:275482] Using device Intel HD Graphics 4000 (low power)
Initializing Metal device caps: Intel HD Graphics 4000
Initialize mono
Mono path[0] = '/Volumes/EXTMAC/Applications/Unity/2020.3.7f1/Unity.app/Contents/Managed'
Mono path[1] = '/Volumes/EXTMAC/Applications/Unity/2020.3.7f1/Unity.app/Contents/MonoBleedingEdge/lib/mono/unityjit'
Mono config path = '/Volumes/EXTMAC/Applications/Unity/2020.3.7f1/Unity.app/Contents/MonoBleedingEdge/etc'
Using monoOptions --debugger-agent=transport=dt_socket,embedding=1,server=y,suspend=n,address=127.0.0.1:56140
Begin MonoManager ReloadAssembly
Registering precompiled unity dll's ...
Register platform support module: /Volumes/EXTMAC/Applications/Unity/2020.3.7f1/PlaybackEngines/WebGLSupport/UnityEditor.WebGL.Extensions.dll
Register platform support module: /Volumes/EXTMAC/Applications/Unity/2020.3.7f1/Unity.app/Contents/PlaybackEngines/MacStandaloneSupport/UnityEditor.OSXStandalone.Extensions.dll
Registered in 0.002866 seconds.
Native extension for OSXStandalone target not found
Native extension for WebGL target not found
Refreshing native plugins compatible for Editor in 59.66 ms, found 1 plugins.
Preloading 0 native plugins for Editor in 0.00 ms.
Mono: successfully reloaded assembly
- Completed reload, in  6.104 seconds
Platform modules already initialized, skipping
Registering precompiled user dll's ...
Registered in 0.002124 seconds.
Begin MonoManager ReloadAssembly
Native extension for OSXStandalone target not found
Native extension for WebGL target not found
Refreshing native plugins compatible for Editor in 0.45 ms, found 1 plugins.
Preloading 0 native plugins for Editor in 0.00 ms.
Mono: successfully reloaded assembly
- Completed reload, in  2.371 seconds
Platform modules already initialized, skipping
========================================================================
Worker process is ready to serve import requests
Launching external process: /Volumes/EXTMAC/Applications/Unity/2020.3.7f1/Unity.app/Contents/Tools/UnityShaderCompiler
Launched and connected shader compiler UnityShaderCompiler after 0.02 seconds
Refreshing native plugins compatible for Editor in 0.37 ms, found 1 plugins.
Preloading 0 native plugins for Editor in 0.00 ms.
Unloading 1351 Unused Serialized files (Serialized files now loaded: 0)
System memory in use before: 137.5 MB.
System memory in use after: 137.5 MB.

Unloading 11 unused Assets to reduce memory usage. Loaded Objects now: 1810.
Total: 3.708000 ms (FindLiveObjects: 0.329341 ms CreateObjectMapping: 0.110121 ms MarkObjects: 3.063465 ms  DeleteObjects: 0.201572 ms)

========================================================================
Received Import Request.
  path: Assets/Scripts/Levels/RoadSpawner.cs
  artifactKey: Guid(d313f6b04036a437b970dc1c22bac254) Importer(815301076,1909f56bfc062723c751e8b465ee728b)
Start importing Assets/Scripts/Levels/RoadSpawner.cs using Guid(d313f6b04036a437b970dc1c22bac254) Importer(815301076,1909f56bfc062723c751e8b465ee728b)  -> (artifact id: '8f2a82a2b80dad21ee8e882b8c9eca3a') in 0.863685 seconds
  Import took 0.869789 seconds .

========================================================================
Received Prepare
Registering precompiled user dll's ...
Registered in 0.089499 seconds.
Begin MonoManager ReloadAssembly
Native extension for OSXStandalone target not found
Native extension for WebGL target not found
Refreshing native plugins compatible for Editor in 0.43 ms, found 1 plugins.
Preloading 0 native plugins for Editor in 0.00 ms.
Mono: successfully reloaded assembly
- Completed reload, in  2.110 seconds
Platform modules already initialized, skipping
Refreshing native plugins compatible for Editor in 0.38 ms, found 1 plugins.
Preloading 0 native plugins for Editor in 0.00 ms.
Unloading 1331 Unused Serialized files (Serialized files now loaded: 0)
System memory in use before: 140.6 MB.
System memory in use after: 140.7 MB.

Unloading 6 unused Assets to reduce memory usage. Loaded Objects now: 1813.
Total: 2.735282 ms (FindLiveObjects: 0.349882 ms CreateObjectMapping: 0.070207 ms MarkObjects: 2.165751 ms  DeleteObjects: 0.147484 ms)

========================================================================
Received Import Request.
  Time since last request: 436.421442 seconds.
  path: Assets/Scripts/Levels/RoadSpawner.cs
  artifactKey: Guid(d313f6b04036a437b970dc1c22bac254) Importer(815301076,1909f56bfc062723c751e8b465ee728b)
Start importing Assets/Scripts/Levels/RoadSpawner.cs using Guid(d313f6b04036a437b970dc1c22bac254) Importer(815301076,1909f56bfc062723c751e8b465ee728b)  -> (artifact id: '2d9414cc7a57925de788b023c02d049e') in 0.025086 seconds
  Import took 0.036450 seconds .

========================================================================
Received Prepare
Registering precompiled user dll's ...
Registered in 0.001627 seconds.
Begin MonoManager ReloadAssembly
Native extension for OSXStandalone target not found
Native extension for WebGL target not found
Refreshing native plugins compatible for Editor in 0.38 ms, found 1 plugins.
Preloading 0 native plugins for Editor in 0.00 ms.
Mono: successfully reloaded assembly
- Completed reload, in  2.527 seconds
Platform modules already initialized, skipping
Refreshing native plugins compatible for Editor in 0.41 ms, found 1 plugins.
Preloading 0 native plugins for Editor in 0.00 ms.
Unloading 1331 Unused Serialized files (Serialized files now loaded: 0)
System memory in use before: 140.8 MB.
System memory in use after: 140.9 MB.

Unloading 6 unused Assets to reduce memory usage. Loaded Objects now: 1816.
Total: 3.331851 ms (FindLiveObjects: 0.454843 ms CreateObjectMapping: 0.147574 ms MarkObjects: 2.545195 ms  DeleteObjects: 0.182085 ms)

========================================================================
Received Import Request.
  Time since last request: 37.272608 seconds.
  path: Assets/Scripts/Levels/RoadSpawner.cs
  artifactKey: Guid(d313f6b04036a437b970dc1c22bac254) Importer(815301076,1909f56bfc062723c751e8b465ee728b)
Start importing Assets/Scripts/Levels/RoadSpawner.cs using Guid(d313f6b04036a437b970dc1c22bac254) Importer(815301076,1909f56bfc062723c751e8b465ee728b)  -> (artifact id: 'ca32575ff4c1fb5646c0490b98e93a55') in 0.013778 seconds
  Import took 0.018740 seconds .

========================================================================
Received Prepare
Registering precompiled user dll's ...
Registered in 0.000677 seconds.
Begin MonoManager ReloadAssembly
Native extension for OSXStandalone target not found
Native extension for WebGL target not found
Refreshing native plugins compatible for Editor in 0.57 ms, found 1 plugins.
Preloading 0 native plugins for Editor in 0.00 ms.
Mono: successfully reloaded assembly
- Completed reload, in  2.211 seconds
Platform modules already initialized, skipping
Refreshing native plugins compatible for Editor in 0.63 ms, found 1 plugins.
Preloading 0 native plugins for Editor in 0.00 ms.
Unloading 1331 Unused Serialized files (Serialized files now loaded: 0)
System memory in use before: 141.0 MB.
System memory in use after: 141.1 MB.

Unloading 6 unused Assets to reduce memory usage. Loaded Objects now: 1819.
Total: 4.334010 ms (FindLiveObjects: 0.431580 ms CreateObjectMapping: 0.120908 ms MarkObjects: 3.594978 ms  DeleteObjects: 0.140702 ms)

========================================================================
Received Import Request.
  Time since last request: 150.360126 seconds.
  path: Assets/Scripts/Levels/RoadSpawner.cs
  artifactKey: Guid(d313f6b04036a437b970dc1c22bac254) Importer(815301076,1909f56bfc062723c751e8b465ee728b)
Start importing Assets/Scripts/Levels/RoadSpawner.cs using Guid(d313f6b04036a437b970dc1c22bac254) Importer(815301076,1909f56bfc062723c751e8b465ee728b)  -> (artifact id: 'd60d29a652d6c6147a520222da8061f5') in 0.118898 seconds
  Import took 0.148484 seconds .

========================================================================
Received Import Request.
  Time since last request: 0.200692 seconds.
  path: Assets/Scripts/Levels/RoadSpawner.cs
  artifactKey: Guid(d313f6b04036a437b970dc1c22bac254) Importer(815301076,1909f56bfc062723c751e8b465ee728b)
Start importing Assets/Scripts/Levels/RoadSpawner.cs using Guid(d313f6b04036a437b970dc1c22bac254) Importer(815301076,1909f56bfc062723c751e8b465ee728b)  -> (artifact id: 'd60d29a652d6c6147a520222da8061f5') in 0.012931 seconds
  Import took 0.022301 seconds .

========================================================================
Received Prepare
Registering precompiled user dll's ...
Registered in 0.001304 seconds.
Begin MonoManager ReloadAssembly
Native extension for OSXStandalone target not found
Native extension for WebGL target not found
Refreshing native plugins compatible for Editor in 0.45 ms, found 1 plugins.
Preloading 0 native plugins for Editor in 0.00 ms.
Mono: successfully reloaded assembly
- Completed reload, in  2.463 seconds
Platform modules already initialized, skipping
Refreshing native plugins compatible for Editor in 1.10 ms, found 1 plugins.
Preloading 0 native plugins for Editor in 0.00 ms.
Unloading 1331 Unused Serialized files (Serialized files now loaded: 0)
System memory in use before: 141.2 MB.
System memory in use after: 141.3 MB.

Unloading 6 unused Assets to reduce memory usage. Loaded Objects now: 1822.
Total: 4.443162 ms (FindLiveObjects: 0.769776 ms CreateObjectMapping: 0.246417 ms MarkObjects: 3.258610 ms  DeleteObjects: 0.164686 ms)

========================================================================
Received Prepare
Registering precompiled user dll's ...
Registered in 0.000878 seconds.
Begin MonoManager ReloadAssembly
Native extension for OSXStandalone target not found
Native extension for WebGL target not found
Refreshing native plugins compatible for Editor in 0.36 ms, found 1 plugins.
Preloading 0 native plugins for Editor in 0.00 ms.
Mono: successfully reloaded assembly
- Completed reload, in  1.770 seconds
Platform modules already initialized, skipping
Refreshing native plugins compatible for Editor in 0.39 ms, found 1 plugins.
Preloading 0 native plugins for Editor in 0.00 ms.
Unloading 1331 Unused Serialized files (Serialized files now loaded: 0)
System memory in use before: 141.4 MB.
System memory in use after: 141.4 MB.

Unloading 6 unused Assets to reduce memory usage. Loaded Objects now: 1825.
Total: 2.609133 ms (FindLiveObjects: 0.354376 ms CreateObjectMapping: 0.067523 ms MarkObjects: 2.079351 ms  DeleteObjects: 0.104447 ms)

========================================================================
Received Prepare
Registering precompiled user dll's ...
Registered in 0.002113 seconds.
Begin MonoManager ReloadAssembly
Native extension for OSXStandalone target not found
Native extension for WebGL target not found
Refreshing native plugins compatible for Editor in 0.42 ms, found 1 plugins.
Preloading 0 native plugins for Editor in 0.00 ms.
Mono: successfully reloaded assembly
- Completed reload, in  2.020 seconds
Platform modules already initialized, skipping
Refreshing native plugins compatible for Editor in 0.40 ms, found 1 plugins.
Preloading 0 native plugins for Editor in 0.00 ms.
Unloading 1331 Unused Serialized files (Serialized files now loaded: 0)
System memory in use before: 141.6 MB.
System memory in use after: 141.6 MB.

Unloading 6 unused Assets to reduce memory usage. Loaded Objects now: 1828.
Total: 3.538818 ms (FindLiveObjects: 0.535751 ms CreateObjectMapping: 0.100876 ms MarkObjects: 2.688381 ms  DeleteObjects: 0.211117 ms)

========================================================================
Received Import Request.
  Time since last request: 550.513990 seconds.
  path: Assets/Resources/Levels/Prefabs/Curva Dx.prefab
  artifactKey: Guid(ad7cdef8e49981041bfcbe1fe5441fb2) Importer(815301076,1909f56bfc062723c751e8b465ee728b)
Start importing Assets/Resources/Levels/Prefabs/Curva Dx.prefab using Guid(ad7cdef8e49981041bfcbe1fe5441fb2) Importer(815301076,1909f56bfc062723c751e8b465ee728b)  -> (artifact id: '19fdcadaa26f8f4b19e4f5c997fa3f26') in 1.058000 seconds
  Import took 1.067570 seconds .

========================================================================
Received Import Request.
  Time since last request: 0.482551 seconds.
  path: Assets/Resources/Levels/Prefabs/Curva Dx.prefab
  artifactKey: Guid(ad7cdef8e49981041bfcbe1fe5441fb2) Importer(815301076,1909f56bfc062723c751e8b465ee728b)
Start importing Assets/Resources/Levels/Prefabs/Curva Dx.prefab using Guid(ad7cdef8e49981041bfcbe1fe5441fb2) Importer(815301076,1909f56bfc062723c751e8b465ee728b)  -> (artifact id: 'd10eaabed9a7ed46d4518759cff2eaf4') in 0.034925 seconds
  Import took 0.040662 seconds .

========================================================================
Received Prepare
Registering precompiled user dll's ...
Registered in 0.003615 seconds.
Begin MonoManager ReloadAssembly
Native extension for OSXStandalone target not found
Native extension for WebGL target not found
Refreshing native plugins compatible for Editor in 1.65 ms, found 1 plugins.
Preloading 0 native plugins for Editor in 0.00 ms.
Mono: successfully reloaded assembly
- Completed reload, in  5.892 seconds
Platform modules already initialized, skipping
Refreshing native plugins compatible for Editor in 0.37 ms, found 1 plugins.
Preloading 0 native plugins for Editor in 0.00 ms.
Unloading 1331 Unused Serialized files (Serialized files now loaded: 0)
System memory in use before: 151.7 MB.
System memory in use after: 151.8 MB.

Unloading 6 unused Assets to reduce memory usage. Loaded Objects now: 1839.
Total: 3.381784 ms (FindLiveObjects: 0.494618 ms CreateObjectMapping: 0.108858 ms MarkObjects: 2.609264 ms  DeleteObjects: 0.166467 ms)

========================================================================
Received Prepare
Registering precompiled user dll's ...
Registered in 0.000689 seconds.
Begin MonoManager ReloadAssembly
Native extension for OSXStandalone target not found
Native extension for WebGL target not found
Refreshing native plugins compatible for Editor in 0.50 ms, found 1 plugins.
Preloading 0 native plugins for Editor in 0.00 ms.
Mono: successfully reloaded assembly
- Completed reload, in  1.915 seconds
Platform modules already initialized, skipping
Refreshing native plugins compatible for Editor in 0.71 ms, found 1 plugins.
Preloading 0 native plugins for Editor in 0.00 ms.
Unloading 1331 Unused Serialized files (Serialized files now loaded: 0)
System memory in use before: 151.9 MB.
System memory in use after: 152.0 MB.

Unloading 6 unused Assets to reduce memory usage. Loaded Objects now: 1842.
Total: 2.950835 ms (FindLiveObjects: 0.320956 ms CreateObjectMapping: 0.071460 ms MarkObjects: 2.455464 ms  DeleteObjects: 0.100591 ms)

========================================================================
Received Prepare
Registering precompiled user dll's ...
Registered in 0.000829 seconds.
Begin MonoManager ReloadAssembly
Native extension for OSXStandalone target not found
Native extension for WebGL target not found
Refreshing native plugins compatible for Editor in 0.39 ms, found 1 plugins.
Preloading 0 native plugins for Editor in 0.00 ms.
Mono: successfully reloaded assembly
- Completed reload, in  2.077 seconds
Platform modules already initialized, skipping
Refreshing native plugins compatible for Editor in 0.40 ms, found 1 plugins.
Preloading 0 native plugins for Editor in 0.00 ms.
Unloading 1331 Unused Serialized files (Serialized files now loaded: 0)
System memory in use before: 152.1 MB.
System memory in use after: 152.1 MB.

Unloading 6 unused Assets to reduce memory usage. Loaded Objects now: 1845.
Total: 8.861802 ms (FindLiveObjects: 0.996843 ms CreateObjectMapping: 0.079888 ms MarkObjects: 7.609264 ms  DeleteObjects: 0.173266 ms)

========================================================================
Received Prepare
Registering precompiled user dll's ...
Registered in 0.000822 seconds.
Begin MonoManager ReloadAssembly
Native extension for OSXStandalone target not found
Native extension for WebGL target not found
Refreshing native plugins compatible for Editor in 0.39 ms, found 1 plugins.
Preloading 0 native plugins for Editor in 0.00 ms.
Mono: successfully reloaded assembly
- Completed reload, in  1.904 seconds
Platform modules already initialized, skipping
Refreshing native plugins compatible for Editor in 0.40 ms, found 1 plugins.
Preloading 0 native plugins for Editor in 0.00 ms.
Unloading 1331 Unused Serialized files (Serialized files now loaded: 0)
System memory in use before: 152.3 MB.
System memory in use after: 152.3 MB.

Unloading 6 unused Assets to reduce memory usage. Loaded Objects now: 1848.
Total: 2.375246 ms (FindLiveObjects: 0.300722 ms CreateObjectMapping: 0.067764 ms MarkObjects: 1.912350 ms  DeleteObjects: 0.092087 ms)

========================================================================
Received Prepare
Registering precompiled user dll's ...
Registered in 0.001508 seconds.
Begin MonoManager ReloadAssembly
Native extension for OSXStandalone target not found
Native extension for WebGL target not found
Refreshing native plugins compatible for Editor in 0.38 ms, found 1 plugins.
Preloading 0 native plugins for Editor in 0.00 ms.
Mono: successfully reloaded assembly
- Completed reload, in  1.973 seconds
Platform modules already initialized, skipping
Refreshing native plugins compatible for Editor in 0.37 ms, found 1 plugins.
Preloading 0 native plugins for Editor in 0.00 ms.
Unloading 1331 Unused Serialized files (Serialized files now loaded: 0)
System memory in use before: 152.4 MB.
System memory in use after: 152.5 MB.

Unloading 6 unused Assets to reduce memory usage. Loaded Objects now: 1851.
Total: 2.695003 ms (FindLiveObjects: 0.315751 ms CreateObjectMapping: 0.069011 ms MarkObjects: 2.217633 ms  DeleteObjects: 0.090781 ms)

========================================================================
Received Import Request.
  Time since last request: 1131.020251 seconds.
  path: Assets/Scripts/Character/CharacterScore.cs
  artifactKey: Guid(169b2028d3901468d82dfbc747b81ce3) Importer(815301076,1909f56bfc062723c751e8b465ee728b)
Start importing Assets/Scripts/Character/CharacterScore.cs using Guid(169b2028d3901468d82dfbc747b81ce3) Importer(815301076,1909f56bfc062723c751e8b465ee728b)  -> (artifact id: '230ef86bcbc1fe6c79e6f6ec15d7e25d') in 0.023516 seconds
  Import took 0.028971 seconds .

========================================================================
Received Import Request.
  Time since last request: 0.009776 seconds.
  path: Assets/Scripts/Character/CharacterScore.cs
  artifactKey: Guid(169b2028d3901468d82dfbc747b81ce3) Importer(815301076,1909f56bfc062723c751e8b465ee728b)
Start importing Assets/Scripts/Character/CharacterScore.cs using Guid(169b2028d3901468d82dfbc747b81ce3) Importer(815301076,1909f56bfc062723c751e8b465ee728b)  -> (artifact id: '230ef86bcbc1fe6c79e6f6ec15d7e25d') in 0.003517 seconds
  Import took 0.009763 seconds .

========================================================================
Received Import Request.
  Time since last request: 1.347396 seconds.
  path: Assets/Scripts/Character/CharacterMovement.cs
  artifactKey: Guid(a96753a3fc8a1430d9f5fd9f2faced96) Importer(815301076,1909f56bfc062723c751e8b465ee728b)
Start importing Assets/Scripts/Character/CharacterMovement.cs using Guid(a96753a3fc8a1430d9f5fd9f2faced96) Importer(815301076,1909f56bfc062723c751e8b465ee728b)  -> (artifact id: '4fdc87436ecfe21199f09f8318daf9a4') in 0.004391 seconds
  Import took 0.009459 seconds .

========================================================================
Received Import Request.
  Time since last request: 0.004159 seconds.
  path: Assets/Scripts/Character/CharacterMovement.cs
  artifactKey: Guid(a96753a3fc8a1430d9f5fd9f2faced96) Importer(815301076,1909f56bfc062723c751e8b465ee728b)
Start importing Assets/Scripts/Character/CharacterMovement.cs using Guid(a96753a3fc8a1430d9f5fd9f2faced96) Importer(815301076,1909f56bfc062723c751e8b465ee728b)  -> (artifact id: '4fdc87436ecfe21199f09f8318daf9a4') in 0.003647 seconds
  Import took 0.009847 seconds .

========================================================================
Received Prepare
Registering precompiled user dll's ...
Registered in 0.000692 seconds.
Begin MonoManager ReloadAssembly
Native extension for OSXStandalone target not found
Native extension for WebGL target not found
Refreshing native plugins compatible for Editor in 0.36 ms, found 1 plugins.
Preloading 0 native plugins for Editor in 0.00 ms.
Mono: successfully reloaded assembly
- Completed reload, in  1.899 seconds
Platform modules already initialized, skipping
Refreshing native plugins compatible for Editor in 0.36 ms, found 1 plugins.
Preloading 0 native plugins for Editor in 0.00 ms.
Unloading 1331 Unused Serialized files (Serialized files now loaded: 0)
System memory in use before: 152.6 MB.
System memory in use after: 152.7 MB.

Unloading 6 unused Assets to reduce memory usage. Loaded Objects now: 1854.
Total: 2.853462 ms (FindLiveObjects: 0.397283 ms CreateObjectMapping: 0.082359 ms MarkObjects: 2.179655 ms  DeleteObjects: 0.152608 ms)

========================================================================
Received Import Request.
  Time since last request: 69.602212 seconds.
  path: Assets/Scripts/Character/CharacterMovement.cs
  artifactKey: Guid(a96753a3fc8a1430d9f5fd9f2faced96) Importer(815301076,1909f56bfc062723c751e8b465ee728b)
Start importing Assets/Scripts/Character/CharacterMovement.cs using Guid(a96753a3fc8a1430d9f5fd9f2faced96) Importer(815301076,1909f56bfc062723c751e8b465ee728b)  -> (artifact id: '1af9e304a8f10cc90ef541f9970eef70') in 0.006159 seconds
  Import took 0.010379 seconds .

========================================================================
Received Prepare
Registering precompiled user dll's ...
Registered in 0.001344 seconds.
Begin MonoManager ReloadAssembly
Native extension for OSXStandalone target not found
Native extension for WebGL target not found
Refreshing native plugins compatible for Editor in 0.38 ms, found 1 plugins.
Preloading 0 native plugins for Editor in 0.00 ms.
Mono: successfully reloaded assembly
- Completed reload, in  2.304 seconds
Platform modules already initialized, skipping
Refreshing native plugins compatible for Editor in 0.37 ms, found 1 plugins.
Preloading 0 native plugins for Editor in 0.00 ms.
Unloading 1331 Unused Serialized files (Serialized files now loaded: 0)
System memory in use before: 152.8 MB.
System memory in use after: 152.9 MB.

Unloading 6 unused Assets to reduce memory usage. Loaded Objects now: 1857.
Total: 2.615141 ms (FindLiveObjects: 0.357463 ms CreateObjectMapping: 0.076910 ms MarkObjects: 2.084129 ms  DeleteObjects: 0.094429 ms)

========================================================================
Received Prepare
Registering precompiled user dll's ...
Registered in 0.000694 seconds.
Begin MonoManager ReloadAssembly
Native extension for OSXStandalone target not found
Native extension for WebGL target not found
Refreshing native plugins compatible for Editor in 0.39 ms, found 1 plugins.
Preloading 0 native plugins for Editor in 0.00 ms.
Mono: successfully reloaded assembly
- Completed reload, in  1.824 seconds
Platform modules already initialized, skipping
Refreshing native plugins compatible for Editor in 0.53 ms, found 1 plugins.
Preloading 0 native plugins for Editor in 0.00 ms.
Unloading 1331 Unused Serialized files (Serialized files now loaded: 0)
System memory in use before: 153.0 MB.
System memory in use after: 153.1 MB.

Unloading 6 unused Assets to reduce memory usage. Loaded Objects now: 1860.
Total: 2.910359 ms (FindLiveObjects: 0.293723 ms CreateObjectMapping: 0.078559 ms MarkObjects: 2.402293 ms  DeleteObjects: 0.132257 ms)

========================================================================
Received Prepare
Registering precompiled user dll's ...
Registered in 0.001476 seconds.
Begin MonoManager ReloadAssembly
Native extension for OSXStandalone target not found
Native extension for WebGL target not found
Refreshing native plugins compatible for Editor in 0.38 ms, found 1 plugins.
Preloading 0 native plugins for Editor in 0.00 ms.
Mono: successfully reloaded assembly
- Completed reload, in  2.459 seconds
Platform modules already initialized, skipping
Refreshing native plugins compatible for Editor in 0.38 ms, found 1 plugins.
Preloading 0 native plugins for Editor in 0.00 ms.
Unloading 1331 Unused Serialized files (Serialized files now loaded: 0)
System memory in use before: 153.2 MB.
System memory in use after: 153.2 MB.

Unloading 6 unused Assets to reduce memory usage. Loaded Objects now: 1863.
Total: 2.654144 ms (FindLiveObjects: 0.351000 ms CreateObjectMapping: 0.075587 ms MarkObjects: 2.124478 ms  DeleteObjects: 0.101191 ms)

========================================================================
Received Prepare
Registering precompiled user dll's ...
Registered in 0.000702 seconds.
Begin MonoManager ReloadAssembly
Native extension for OSXStandalone target not found
Native extension for WebGL target not found
Refreshing native plugins compatible for Editor in 0.37 ms, found 1 plugins.
Preloading 0 native plugins for Editor in 0.00 ms.
Mono: successfully reloaded assembly
- Completed reload, in  1.867 seconds
Platform modules already initialized, skipping
Refreshing native plugins compatible for Editor in 0.38 ms, found 1 plugins.
Preloading 0 native plugins for Editor in 0.00 ms.
Unloading 1331 Unused Serialized files (Serialized files now loaded: 0)
System memory in use before: 153.4 MB.
System memory in use after: 153.4 MB.

Unloading 6 unused Assets to reduce memory usage. Loaded Objects now: 1866.
Total: 3.170827 ms (FindLiveObjects: 0.238378 ms CreateObjectMapping: 0.068714 ms MarkObjects: 2.762297 ms  DeleteObjects: 0.098927 ms)

========================================================================
Received Prepare
Registering precompiled user dll's ...
Registered in 0.001143 seconds.
Begin MonoManager ReloadAssembly
Native extension for OSXStandalone target not found
Native extension for WebGL target not found
Refreshing native plugins compatible for Editor in 0.46 ms, found 1 plugins.
Preloading 0 native plugins for Editor in 0.00 ms.
Mono: successfully reloaded assembly
- Completed reload, in  2.454 seconds
Platform modules already initialized, skipping
Refreshing native plugins compatible for Editor in 0.39 ms, found 1 plugins.
Preloading 0 native plugins for Editor in 0.00 ms.
Unloading 1331 Unused Serialized files (Serialized files now loaded: 0)
System memory in use before: 153.5 MB.
System memory in use after: 153.6 MB.

Unloading 6 unused Assets to reduce memory usage. Loaded Objects now: 1869.
Total: 2.774308 ms (FindLiveObjects: 0.336469 ms CreateObjectMapping: 0.075919 ms MarkObjects: 2.221894 ms  DeleteObjects: 0.137927 ms)

========================================================================
Received Prepare
Registering precompiled user dll's ...
Registered in 0.000697 seconds.
Begin MonoManager ReloadAssembly
Native extension for OSXStandalone target not found
Native extension for WebGL target not found
Refreshing native plugins compatible for Editor in 0.57 ms, found 1 plugins.
Preloading 0 native plugins for Editor in 0.00 ms.
Mono: successfully reloaded assembly
- Completed reload, in  2.498 seconds
Platform modules already initialized, skipping
Refreshing native plugins compatible for Editor in 0.39 ms, found 1 plugins.
Preloading 0 native plugins for Editor in 0.00 ms.
Unloading 1331 Unused Serialized files (Serialized files now loaded: 0)
System memory in use before: 153.7 MB.
System memory in use after: 153.8 MB.

Unloading 6 unused Assets to reduce memory usage. Loaded Objects now: 1872.
Total: 3.868206 ms (FindLiveObjects: 0.392339 ms CreateObjectMapping: 0.100402 ms MarkObjects: 3.274970 ms  DeleteObjects: 0.098113 ms)

========================================================================
Received Prepare
Registering precompiled user dll's ...
Registered in 0.000746 seconds.
Begin MonoManager ReloadAssembly
Native extension for OSXStandalone target not found
Native extension for WebGL target not found
Refreshing native plugins compatible for Editor in 0.37 ms, found 1 plugins.
Preloading 0 native plugins for Editor in 0.00 ms.
Mono: successfully reloaded assembly
- Completed reload, in  1.816 seconds
Platform modules already initialized, skipping
Refreshing native plugins compatible for Editor in 0.56 ms, found 1 plugins.
Preloading 0 native plugins for Editor in 0.00 ms.
Unloading 1331 Unused Serialized files (Serialized files now loaded: 0)
System memory in use before: 153.9 MB.
System memory in use after: 154.0 MB.

Unloading 6 unused Assets to reduce memory usage. Loaded Objects now: 1875.
Total: 2.426308 ms (FindLiveObjects: 0.280239 ms CreateObjectMapping: 0.064899 ms MarkObjects: 1.986309 ms  DeleteObjects: 0.093382 ms)

========================================================================
Received Prepare
Registering precompiled user dll's ...
Registered in 0.000734 seconds.
Begin MonoManager ReloadAssembly
Native extension for OSXStandalone target not found
Native extension for WebGL target not found
Refreshing native plugins compatible for Editor in 0.36 ms, found 1 plugins.
Preloading 0 native plugins for Editor in 0.00 ms.
Mono: successfully reloaded assembly
- Completed reload, in  2.032 seconds
Platform modules already initialized, skipping
Refreshing native plugins compatible for Editor in 0.39 ms, found 1 plugins.
Preloading 0 native plugins for Editor in 0.00 ms.
Unloading 1331 Unused Serialized files (Serialized files now loaded: 0)
System memory in use before: 154.1 MB.
System memory in use after: 154.1 MB.

Unloading 6 unused Assets to reduce memory usage. Loaded Objects now: 1878.
Total: 2.913332 ms (FindLiveObjects: 0.434582 ms CreateObjectMapping: 0.092496 ms MarkObjects: 2.275776 ms  DeleteObjects: 0.108214 ms)

========================================================================
Received Prepare
Registering precompiled user dll's ...
Registered in 0.000832 seconds.
Begin MonoManager ReloadAssembly
Native extension for OSXStandalone target not found
Native extension for WebGL target not found
Refreshing native plugins compatible for Editor in 0.54 ms, found 1 plugins.
Preloading 0 native plugins for Editor in 0.00 ms.
Mono: successfully reloaded assembly
- Completed reload, in  1.971 seconds
Platform modules already initialized, skipping
Refreshing native plugins compatible for Editor in 0.39 ms, found 1 plugins.
Preloading 0 native plugins for Editor in 0.00 ms.
Unloading 1331 Unused Serialized files (Serialized files now loaded: 0)
System memory in use before: 154.3 MB.
System memory in use after: 154.3 MB.

Unloading 6 unused Assets to reduce memory usage. Loaded Objects now: 1881.
Total: 3.358808 ms (FindLiveObjects: 0.372928 ms CreateObjectMapping: 0.134576 ms MarkObjects: 2.557584 ms  DeleteObjects: 0.291315 ms)

========================================================================
Received Prepare
Registering precompiled user dll's ...
Registered in 0.000817 seconds.
Begin MonoManager ReloadAssembly
Native extension for OSXStandalone target not found
Native extension for WebGL target not found
Refreshing native plugins compatible for Editor in 0.37 ms, found 1 plugins.
Preloading 0 native plugins for Editor in 0.00 ms.
Mono: successfully reloaded assembly
- Completed reload, in  1.825 seconds
Platform modules already initialized, skipping
Refreshing native plugins compatible for Editor in 0.37 ms, found 1 plugins.
Preloading 0 native plugins for Editor in 0.00 ms.
Unloading 1331 Unused Serialized files (Serialized files now loaded: 0)
System memory in use before: 154.4 MB.
System memory in use after: 154.5 MB.

Unloading 6 unused Assets to reduce memory usage. Loaded Objects now: 1884.
Total: 2.851175 ms (FindLiveObjects: 0.351530 ms CreateObjectMapping: 0.077326 ms MarkObjects: 2.322776 ms  DeleteObjects: 0.097471 ms)

========================================================================
Received Prepare
Registering precompiled user dll's ...
Registered in 0.000724 seconds.
Begin MonoManager ReloadAssembly
Native extension for OSXStandalone target not found
Native extension for WebGL target not found
Refreshing native plugins compatible for Editor in 0.39 ms, found 1 plugins.
Preloading 0 native plugins for Editor in 0.00 ms.
Mono: successfully reloaded assembly
- Completed reload, in  1.807 seconds
Platform modules already initialized, skipping
Refreshing native plugins compatible for Editor in 0.60 ms, found 1 plugins.
Preloading 0 native plugins for Editor in 0.00 ms.
Unloading 1331 Unused Serialized files (Serialized files now loaded: 0)
System memory in use before: 154.6 MB.
System memory in use after: 154.7 MB.

Unloading 6 unused Assets to reduce memory usage. Loaded Objects now: 1887.
Total: 4.354794 ms (FindLiveObjects: 0.404170 ms CreateObjectMapping: 0.449769 ms MarkObjects: 3.374386 ms  DeleteObjects: 0.124108 ms)

========================================================================
Received Prepare
Registering precompiled user dll's ...
Registered in 0.002384 seconds.
Begin MonoManager ReloadAssembly
Native extension for OSXStandalone target not found
Native extension for WebGL target not found
Refreshing native plugins compatible for Editor in 0.39 ms, found 1 plugins.
Preloading 0 native plugins for Editor in 0.00 ms.
Mono: successfully reloaded assembly
- Completed reload, in  2.084 seconds
Platform modules already initialized, skipping
Refreshing native plugins compatible for Editor in 0.52 ms, found 1 plugins.
Preloading 0 native plugins for Editor in 0.00 ms.
Unloading 1331 Unused Serialized files (Serialized files now loaded: 0)
System memory in use before: 154.8 MB.
System memory in use after: 154.9 MB.

Unloading 6 unused Assets to reduce memory usage. Loaded Objects now: 1890.
Total: 3.198275 ms (FindLiveObjects: 0.335218 ms CreateObjectMapping: 0.075431 ms MarkObjects: 2.661681 ms  DeleteObjects: 0.123590 ms)

========================================================================
Received Prepare
Registering precompiled user dll's ...
Registered in 0.001381 seconds.
Begin MonoManager ReloadAssembly
Native extension for OSXStandalone target not found
Native extension for WebGL target not found
Refreshing native plugins compatible for Editor in 0.39 ms, found 1 plugins.
Preloading 0 native plugins for Editor in 0.00 ms.
Mono: successfully reloaded assembly
- Completed reload, in  2.440 seconds
Platform modules already initialized, skipping
Refreshing native plugins compatible for Editor in 0.36 ms, found 1 plugins.
Preloading 0 native plugins for Editor in 0.00 ms.
Unloading 1331 Unused Serialized files (Serialized files now loaded: 0)
System memory in use before: 155.0 MB.
System memory in use after: 155.0 MB.

Unloading 6 unused Assets to reduce memory usage. Loaded Objects now: 1893.
Total: 2.860383 ms (FindLiveObjects: 0.398830 ms CreateObjectMapping: 0.068608 ms MarkObjects: 2.248522 ms  DeleteObjects: 0.142166 ms)

========================================================================
Received Import Request.
  Time since last request: 4006.581706 seconds.
  path: Assets/Resources/Levels/Prefabs/Curva Dx.prefab
  artifactKey: Guid(ad7cdef8e49981041bfcbe1fe5441fb2) Importer(815301076,1909f56bfc062723c751e8b465ee728b)
Start importing Assets/Resources/Levels/Prefabs/Curva Dx.prefab using Guid(ad7cdef8e49981041bfcbe1fe5441fb2) Importer(815301076,1909f56bfc062723c751e8b465ee728b)  -> (artifact id: 'd18aa852cc9ef2cfe00b4f58ad4ef378') in 0.180109 seconds
  Import took 0.186127 seconds .

========================================================================
Received Import Request.
  Time since last request: 5.476393 seconds.
  path: Assets/Resources/Levels/Prefabs/Curva Dx.prefab
  artifactKey: Guid(ad7cdef8e49981041bfcbe1fe5441fb2) Importer(815301076,1909f56bfc062723c751e8b465ee728b)
Start importing Assets/Resources/Levels/Prefabs/Curva Dx.prefab using Guid(ad7cdef8e49981041bfcbe1fe5441fb2) Importer(815301076,1909f56bfc062723c751e8b465ee728b)  -> (artifact id: '8ae3268cdec1d881a820d221e2a95f0b') in 0.037516 seconds
  Import took 0.042652 seconds .

========================================================================
Received Import Request.
  Time since last request: 1.802376 seconds.
  path: Assets/Resources/Levels/Prefabs/Curva Dx.prefab
  artifactKey: Guid(ad7cdef8e49981041bfcbe1fe5441fb2) Importer(815301076,1909f56bfc062723c751e8b465ee728b)
Start importing Assets/Resources/Levels/Prefabs/Curva Dx.prefab using Guid(ad7cdef8e49981041bfcbe1fe5441fb2) Importer(815301076,1909f56bfc062723c751e8b465ee728b)  -> (artifact id: 'bb9cad175189e10d32917d6a692945ca') in 0.051062 seconds
  Import took 0.056264 seconds .

========================================================================
Received Import Request.
  Time since last request: 41.632981 seconds.
  path: Assets/Resources/Levels/Prefabs/Fine.prefab
  artifactKey: Guid(07979c3fea4754ba09e8ec046d0e0871) Importer(815301076,1909f56bfc062723c751e8b465ee728b)
Start importing Assets/Resources/Levels/Prefabs/Fine.prefab using Guid(07979c3fea4754ba09e8ec046d0e0871) Importer(815301076,1909f56bfc062723c751e8b465ee728b)  -> (artifact id: '0b58ccb97a1e19417809bb4d931a1c82') in 0.031349 seconds
  Import took 0.038442 seconds .

========================================================================
Received Import Request.
  Time since last request: 1.466400 seconds.
  path: Assets/Resources/Levels/Prefabs/Fine.prefab
  artifactKey: Guid(07979c3fea4754ba09e8ec046d0e0871) Importer(815301076,1909f56bfc062723c751e8b465ee728b)
Start importing Assets/Resources/Levels/Prefabs/Fine.prefab using Guid(07979c3fea4754ba09e8ec046d0e0871) Importer(815301076,1909f56bfc062723c751e8b465ee728b)  -> (artifact id: '4ab4eaefb9f9904f3289eedfbb1008ae') in 0.028781 seconds
  Import took 0.034587 seconds .

========================================================================
Received Import Request.
  Time since last request: 2.188108 seconds.
  path: Assets/Resources/Levels/Prefabs/Fine.prefab
  artifactKey: Guid(07979c3fea4754ba09e8ec046d0e0871) Importer(815301076,1909f56bfc062723c751e8b465ee728b)
Start importing Assets/Resources/Levels/Prefabs/Fine.prefab using Guid(07979c3fea4754ba09e8ec046d0e0871) Importer(815301076,1909f56bfc062723c751e8b465ee728b)  -> (artifact id: '480a7cb0a17aa01ae25514998aeb43e7') in 0.024379 seconds
  Import took 0.029217 seconds .

========================================================================
Received Import Request.
  Time since last request: 0.498704 seconds.
  path: Assets/Resources/Levels/Prefabs/Fine.prefab
  artifactKey: Guid(07979c3fea4754ba09e8ec046d0e0871) Importer(815301076,1909f56bfc062723c751e8b465ee728b)
Start importing Assets/Resources/Levels/Prefabs/Fine.prefab using Guid(07979c3fea4754ba09e8ec046d0e0871) Importer(815301076,1909f56bfc062723c751e8b465ee728b)  -> (artifact id: 'a4e3322644877fe321440bb9849ddeda') in 0.028567 seconds
  Import took 0.034167 seconds .

========================================================================
Received Import Request.
  Time since last request: 1.792265 seconds.
  path: Assets/Resources/Levels/Prefabs/Fine.prefab
  artifactKey: Guid(07979c3fea4754ba09e8ec046d0e0871) Importer(815301076,1909f56bfc062723c751e8b465ee728b)
Start importing Assets/Resources/Levels/Prefabs/Fine.prefab using Guid(07979c3fea4754ba09e8ec046d0e0871) Importer(815301076,1909f56bfc062723c751e8b465ee728b)  -> (artifact id: '30f90138bfe853e707a631371dc7fa74') in 0.030075 seconds
  Import took 0.035294 seconds .

========================================================================
Received Import Request.
  Time since last request: 2.052612 seconds.
  path: Assets/Resources/Levels/Prefabs/Fine.prefab
  artifactKey: Guid(07979c3fea4754ba09e8ec046d0e0871) Importer(815301076,1909f56bfc062723c751e8b465ee728b)
Start importing Assets/Resources/Levels/Prefabs/Fine.prefab using Guid(07979c3fea4754ba09e8ec046d0e0871) Importer(815301076,1909f56bfc062723c751e8b465ee728b)  -> (artifact id: 'd9abfb0d7eefc450573f495708a5192d') in 0.033964 seconds
  Import took 0.039549 seconds .

========================================================================
Received Import Request.
  Time since last request: 1.381542 seconds.
  path: Assets/Resources/Levels/Prefabs/Fine.prefab
  artifactKey: Guid(07979c3fea4754ba09e8ec046d0e0871) Importer(815301076,1909f56bfc062723c751e8b465ee728b)
Start importing Assets/Resources/Levels/Prefabs/Fine.prefab using Guid(07979c3fea4754ba09e8ec046d0e0871) Importer(815301076,1909f56bfc062723c751e8b465ee728b)  -> (artifact id: '5093eee3166d1d7effad8f2fad8c4f3c') in 0.028659 seconds
  Import took 0.033919 seconds .

========================================================================
Received Import Request.
  Time since last request: 2.409358 seconds.
  path: Assets/Resources/Levels/Prefabs/Fine.prefab
  artifactKey: Guid(07979c3fea4754ba09e8ec046d0e0871) Importer(815301076,1909f56bfc062723c751e8b465ee728b)
Start importing Assets/Resources/Levels/Prefabs/Fine.prefab using Guid(07979c3fea4754ba09e8ec046d0e0871) Importer(815301076,1909f56bfc062723c751e8b465ee728b)  -> (artifact id: '51da0460dd1c5733223cffd131aa1395') in 0.033489 seconds
  Import took 0.038377 seconds .

========================================================================
Received Import Request.
  Time since last request: 1.185391 seconds.
  path: Assets/Resources/Levels/Prefabs/Fine.prefab
  artifactKey: Guid(07979c3fea4754ba09e8ec046d0e0871) Importer(815301076,1909f56bfc062723c751e8b465ee728b)
Start importing Assets/Resources/Levels/Prefabs/Fine.prefab using Guid(07979c3fea4754ba09e8ec046d0e0871) Importer(815301076,1909f56bfc062723c751e8b465ee728b)  -> (artifact id: 'e206dbe8894fb0747013669ab41776e6') in 0.027743 seconds
  Import took 0.032561 seconds .

========================================================================
Received Import Request.
  Time since last request: 0.587089 seconds.
  path: Assets/Resources/Levels/Prefabs/Fine.prefab
  artifactKey: Guid(07979c3fea4754ba09e8ec046d0e0871) Importer(815301076,1909f56bfc062723c751e8b465ee728b)
Start importing Assets/Resources/Levels/Prefabs/Fine.prefab using Guid(07979c3fea4754ba09e8ec046d0e0871) Importer(815301076,1909f56bfc062723c751e8b465ee728b)  -> (artifact id: '8dd863ba2d6e4b92ed61c9c37c7cc2d8') in 0.033581 seconds
  Import took 0.038945 seconds .

========================================================================
Received Import Request.
  Time since last request: 1.383099 seconds.
  path: Assets/Resources/Levels/Prefabs/Fine.prefab
  artifactKey: Guid(07979c3fea4754ba09e8ec046d0e0871) Importer(815301076,1909f56bfc062723c751e8b465ee728b)
Start importing Assets/Resources/Levels/Prefabs/Fine.prefab using Guid(07979c3fea4754ba09e8ec046d0e0871) Importer(815301076,1909f56bfc062723c751e8b465ee728b)  -> (artifact id: 'f45299195f1340e4162da25ea34ecb9c') in 0.057153 seconds
  Import took 0.065877 seconds .

========================================================================
Received Import Request.
  Time since last request: 1.801437 seconds.
  path: Assets/Resources/Levels/Prefabs/Fine.prefab
  artifactKey: Guid(07979c3fea4754ba09e8ec046d0e0871) Importer(815301076,1909f56bfc062723c751e8b465ee728b)
Start importing Assets/Resources/Levels/Prefabs/Fine.prefab using Guid(07979c3fea4754ba09e8ec046d0e0871) Importer(815301076,1909f56bfc062723c751e8b465ee728b)  -> (artifact id: '4c06e9f0467de1ba087cd3d00cc81755') in 0.027305 seconds
  Import took 0.031697 seconds .

========================================================================
Received Import Request.
  Time since last request: 1.389355 seconds.
  path: Assets/Resources/Levels/Prefabs/Fine.prefab
  artifactKey: Guid(07979c3fea4754ba09e8ec046d0e0871) Importer(815301076,1909f56bfc062723c751e8b465ee728b)
Start importing Assets/Resources/Levels/Prefabs/Fine.prefab using Guid(07979c3fea4754ba09e8ec046d0e0871) Importer(815301076,1909f56bfc062723c751e8b465ee728b)  -> (artifact id: '4e0e29bc8a611426b8c6646da267c510') in 0.025899 seconds
  Import took 0.030503 seconds .

========================================================================
Received Import Request.
  Time since last request: 1.821000 seconds.
  path: Assets/Resources/Levels/Prefabs/Fine.prefab
  artifactKey: Guid(07979c3fea4754ba09e8ec046d0e0871) Importer(815301076,1909f56bfc062723c751e8b465ee728b)
Start importing Assets/Resources/Levels/Prefabs/Fine.prefab using Guid(07979c3fea4754ba09e8ec046d0e0871) Importer(815301076,1909f56bfc062723c751e8b465ee728b)  -> (artifact id: 'ba4fd256b28aae71d56d7d938f7462f4') in 0.032145 seconds
  Import took 0.037245 seconds .

========================================================================
Received Import Request.
  Time since last request: 2.589150 seconds.
  path: Assets/Resources/Levels/Prefabs/Fine.prefab
  artifactKey: Guid(07979c3fea4754ba09e8ec046d0e0871) Importer(815301076,1909f56bfc062723c751e8b465ee728b)
Start importing Assets/Resources/Levels/Prefabs/Fine.prefab using Guid(07979c3fea4754ba09e8ec046d0e0871) Importer(815301076,1909f56bfc062723c751e8b465ee728b)  -> (artifact id: 'cbb0f0382bf46cbf48deffc39a37d2e9') in 0.030217 seconds
  Import took 0.034855 seconds .

========================================================================
Received Prepare
Registering precompiled user dll's ...
Registered in 0.001281 seconds.
Begin MonoManager ReloadAssembly
Native extension for OSXStandalone target not found
Native extension for WebGL target not found
Refreshing native plugins compatible for Editor in 0.36 ms, found 1 plugins.
Preloading 0 native plugins for Editor in 0.00 ms.
Mono: successfully reloaded assembly
- Completed reload, in  1.903 seconds
Platform modules already initialized, skipping
Refreshing native plugins compatible for Editor in 0.53 ms, found 1 plugins.
Preloading 0 native plugins for Editor in 0.00 ms.
Unloading 1331 Unused Serialized files (Serialized files now loaded: 0)
System memory in use before: 155.6 MB.
System memory in use after: 155.6 MB.

Unloading 6 unused Assets to reduce memory usage. Loaded Objects now: 1897.
Total: 2.697133 ms (FindLiveObjects: 0.265152 ms CreateObjectMapping: 0.060456 ms MarkObjects: 2.280552 ms  DeleteObjects: 0.088260 ms)

========================================================================
Received Prepare
Registering precompiled user dll's ...
Registered in 0.000786 seconds.
Begin MonoManager ReloadAssembly
Native extension for OSXStandalone target not found
Native extension for WebGL target not found
Refreshing native plugins compatible for Editor in 0.43 ms, found 1 plugins.
Preloading 0 native plugins for Editor in 0.00 ms.
Mono: successfully reloaded assembly
- Completed reload, in  1.937 seconds
Platform modules already initialized, skipping
Refreshing native plugins compatible for Editor in 0.40 ms, found 1 plugins.
Preloading 0 native plugins for Editor in 0.00 ms.
Unloading 1331 Unused Serialized files (Serialized files now loaded: 0)
System memory in use before: 155.7 MB.
System memory in use after: 155.8 MB.

Unloading 6 unused Assets to reduce memory usage. Loaded Objects now: 1900.
Total: 3.356046 ms (FindLiveObjects: 0.411948 ms CreateObjectMapping: 0.071379 ms MarkObjects: 2.734341 ms  DeleteObjects: 0.134451 ms)

========================================================================
Received Import Request.
  Time since last request: 89.675608 seconds.
  path: Assets/Scripts/Character/CharacterMovement.cs
  artifactKey: Guid(a96753a3fc8a1430d9f5fd9f2faced96) Importer(815301076,1909f56bfc062723c751e8b465ee728b)
Start importing Assets/Scripts/Character/CharacterMovement.cs using Guid(a96753a3fc8a1430d9f5fd9f2faced96) Importer(815301076,1909f56bfc062723c751e8b465ee728b)  -> (artifact id: 'd21b8162d7ca15e918f82e5e618e3f58') in 0.025994 seconds
  Import took 0.030591 seconds .

========================================================================
Received Import Request.
  Time since last request: 8.865712 seconds.
  path: Assets/Scripts/Character/CharacterController.cs
  artifactKey: Guid(a96753a3fc8a1430d9f5fd9f2faced96) Importer(815301076,1909f56bfc062723c751e8b465ee728b)
Start importing Assets/Scripts/Character/CharacterController.cs using Guid(a96753a3fc8a1430d9f5fd9f2faced96) Importer(815301076,1909f56bfc062723c751e8b465ee728b)  -> (artifact id: 'f0150d7df1b311101c727b129f519bd8') in 0.003208 seconds
  Import took 0.008068 seconds .

========================================================================
Received Prepare
Registering precompiled user dll's ...
Registered in 0.000671 seconds.
Begin MonoManager ReloadAssembly
Native extension for OSXStandalone target not found
Native extension for WebGL target not found
Refreshing native plugins compatible for Editor in 0.41 ms, found 1 plugins.
Preloading 0 native plugins for Editor in 0.00 ms.
Mono: successfully reloaded assembly
- Completed reload, in  1.843 seconds
Platform modules already initialized, skipping
Refreshing native plugins compatible for Editor in 0.39 ms, found 1 plugins.
Preloading 0 native plugins for Editor in 0.00 ms.
Unloading 1331 Unused Serialized files (Serialized files now loaded: 0)
System memory in use before: 155.9 MB.
System memory in use after: 156.0 MB.

Unloading 6 unused Assets to reduce memory usage. Loaded Objects now: 1903.
Total: 2.691830 ms (FindLiveObjects: 0.318139 ms CreateObjectMapping: 0.074455 ms MarkObjects: 2.205225 ms  DeleteObjects: 0.091787 ms)

========================================================================
Received Prepare
Registering precompiled user dll's ...
Registered in 0.000767 seconds.
Begin MonoManager ReloadAssembly
Native extension for OSXStandalone target not found
Native extension for WebGL target not found
Refreshing native plugins compatible for Editor in 0.39 ms, found 1 plugins.
Preloading 0 native plugins for Editor in 0.00 ms.
Mono: successfully reloaded assembly
- Completed reload, in  2.035 seconds
Platform modules already initialized, skipping
Refreshing native plugins compatible for Editor in 0.39 ms, found 1 plugins.
Preloading 0 native plugins for Editor in 0.00 ms.
Unloading 1331 Unused Serialized files (Serialized files now loaded: 0)
System memory in use before: 156.1 MB.
System memory in use after: 156.1 MB.

Unloading 6 unused Assets to reduce memory usage. Loaded Objects now: 1906.
Total: 4.407872 ms (FindLiveObjects: 0.702186 ms CreateObjectMapping: 0.189203 ms MarkObjects: 3.376258 ms  DeleteObjects: 0.135865 ms)

========================================================================
Received Import Request.
  Time since last request: 468.750302 seconds.
  path: Assets/Scenes/Levels/DontTouchLevel.unity
  artifactKey: Guid(4b5e640a2245f4fab959cb927d86bcb4) Importer(815301076,1909f56bfc062723c751e8b465ee728b)
Start importing Assets/Scenes/Levels/DontTouchLevel.unity using Guid(4b5e640a2245f4fab959cb927d86bcb4) Importer(815301076,1909f56bfc062723c751e8b465ee728b)  -> (artifact id: '8db446d06d8afc7cd0262e5e738f355b') in 0.142959 seconds
  Import took 0.176592 seconds .

========================================================================
Received Prepare
Registering precompiled user dll's ...
Registered in 0.001563 seconds.
Begin MonoManager ReloadAssembly
Native extension for OSXStandalone target not found
Native extension for WebGL target not found
Refreshing native plugins compatible for Editor in 0.39 ms, found 1 plugins.
Preloading 0 native plugins for Editor in 0.00 ms.
Mono: successfully reloaded assembly
- Completed reload, in  2.068 seconds
Platform modules already initialized, skipping
Refreshing native plugins compatible for Editor in 0.35 ms, found 1 plugins.
Preloading 0 native plugins for Editor in 0.00 ms.
Unloading 1331 Unused Serialized files (Serialized files now loaded: 0)
System memory in use before: 156.3 MB.
System memory in use after: 156.3 MB.

Unloading 6 unused Assets to reduce memory usage. Loaded Objects now: 1909.
Total: 2.817614 ms (FindLiveObjects: 0.403079 ms CreateObjectMapping: 0.075254 ms MarkObjects: 2.191832 ms  DeleteObjects: 0.145460 ms)

========================================================================
Received Import Request.
  Time since last request: 59.799629 seconds.
  path: Assets/Resources/Levels/Prefabs/Animations
  artifactKey: Guid(608f2663becde42ed9a759f1de8aefa2) Importer(815301076,1909f56bfc062723c751e8b465ee728b)
Start importing Assets/Resources/Levels/Prefabs/Animations using Guid(608f2663becde42ed9a759f1de8aefa2) Importer(815301076,1909f56bfc062723c751e8b465ee728b)  -> (artifact id: 'f52720c5dba9f2ab4d38a460eb8dbe5b') in 0.013273 seconds
  Import took 0.018310 seconds .

========================================================================
Received Prepare
Registering precompiled user dll's ...
Registered in 0.001956 seconds.
Begin MonoManager ReloadAssembly
Native extension for OSXStandalone target not found
Native extension for WebGL target not found
Refreshing native plugins compatible for Editor in 0.37 ms, found 1 plugins.
Preloading 0 native plugins for Editor in 0.00 ms.
Mono: successfully reloaded assembly
- Completed reload, in  1.671 seconds
Platform modules already initialized, skipping
Refreshing native plugins compatible for Editor in 0.38 ms, found 1 plugins.
Preloading 0 native plugins for Editor in 0.00 ms.
Unloading 1331 Unused Serialized files (Serialized files now loaded: 0)
System memory in use before: 156.5 MB.
System memory in use after: 156.5 MB.

Unloading 6 unused Assets to reduce memory usage. Loaded Objects now: 1912.
Total: 2.565484 ms (FindLiveObjects: 0.411216 ms CreateObjectMapping: 0.079430 ms MarkObjects: 1.978055 ms  DeleteObjects: 0.093726 ms)

