Using pre-set license

 COMMAND LINE ARGUMENTS:
/Volumes/EXTMAC/Applications/Unity/2020.3.7f1/Unity.app/Contents/MacOS/Unity
-adb2
-batchMode
-noUpm
-name
AssetImportWorker0
-projectPath
/Users/enricodeveloper/Documents/Scuola/2 semestre/Soluzioni di grafica 3D in applicazioni biometriche/Progetto/Repository/parkinsonexergames/UnityProjects/Runbilitation_nonuitrack
-logFile
Logs/AssetImportWorker0.log
-srvPort
54645
Successfully changed project path to: /Users/enricodeveloper/Documents/Scuola/2 semestre/Soluzioni di grafica 3D in applicazioni biometriche/Progetto/Repository/parkinsonexergames/UnityProjects/Runbilitation_nonuitrack
/Users/enricodeveloper/Documents/Scuola/2 semestre/Soluzioni di grafica 3D in applicazioni biometriche/Progetto/Repository/parkinsonexergames/UnityProjects/Runbilitation_nonuitrack
Using Asset Import Pipeline V2.
Refreshing native plugins compatible for Editor in 53.83 ms, found 1 plugins.
Preloading 0 native plugins for Editor in 0.00 ms.
Initialize engine version: 2020.3.7f1 (dd97f2c94397)
[Subsystems] Discovering subsystems at path /Volumes/EXTMAC/Applications/Unity/2020.3.7f1/Unity.app/Contents/Resources/UnitySubsystems
[Subsystems] Discovering subsystems at path /Users/enricodeveloper/Documents/Scuola/2 semestre/Soluzioni di grafica 3D in applicazioni biometriche/Progetto/Repository/parkinsonexergames/UnityProjects/Runbilitation_nonuitrack/Assets
GfxDevice: creating device client; threaded=0
2021-07-07 12:01:53.244 Unity[10776:325523] Color LCD preferred device: Intel HD Graphics 4000 (low power)
2021-07-07 12:01:53.244 Unity[10776:325523] Metal devices available: 1
2021-07-07 12:01:53.244 Unity[10776:325523] 0: Intel HD Graphics 4000 (low power)
2021-07-07 12:01:53.246 Unity[10776:325523] Using device Intel HD Graphics 4000 (low power)
Initializing Metal device caps: Intel HD Graphics 4000
Initialize mono
Mono path[0] = '/Volumes/EXTMAC/Applications/Unity/2020.3.7f1/Unity.app/Contents/Managed'
Mono path[1] = '/Volumes/EXTMAC/Applications/Unity/2020.3.7f1/Unity.app/Contents/MonoBleedingEdge/lib/mono/unityjit'
Mono config path = '/Volumes/EXTMAC/Applications/Unity/2020.3.7f1/Unity.app/Contents/MonoBleedingEdge/etc'
Using monoOptions --debugger-agent=transport=dt_socket,embedding=1,server=y,suspend=n,address=127.0.0.1:56776
Begin MonoManager ReloadAssembly
Registering precompiled unity dll's ...
Register platform support module: /Volumes/EXTMAC/Applications/Unity/2020.3.7f1/PlaybackEngines/WebGLSupport/UnityEditor.WebGL.Extensions.dll
Register platform support module: /Volumes/EXTMAC/Applications/Unity/2020.3.7f1/Unity.app/Contents/PlaybackEngines/MacStandaloneSupport/UnityEditor.OSXStandalone.Extensions.dll
Registered in 0.004042 seconds.
Native extension for OSXStandalone target not found
Native extension for WebGL target not found
Refreshing native plugins compatible for Editor in 52.08 ms, found 1 plugins.
Preloading 0 native plugins for Editor in 0.00 ms.
Mono: successfully reloaded assembly
- Completed reload, in  5.446 seconds
Platform modules already initialized, skipping
Registering precompiled user dll's ...
Registered in 0.003109 seconds.
Begin MonoManager ReloadAssembly
Native extension for OSXStandalone target not found
Native extension for WebGL target not found
Refreshing native plugins compatible for Editor in 0.53 ms, found 1 plugins.
Preloading 0 native plugins for Editor in 0.00 ms.
Mono: successfully reloaded assembly
- Completed reload, in  1.877 seconds
Platform modules already initialized, skipping
========================================================================
Worker process is ready to serve import requests
Launching external process: /Volumes/EXTMAC/Applications/Unity/2020.3.7f1/Unity.app/Contents/Tools/UnityShaderCompiler
Launched and connected shader compiler UnityShaderCompiler after 0.12 seconds
Refreshing native plugins compatible for Editor in 0.37 ms, found 1 plugins.
Preloading 0 native plugins for Editor in 0.00 ms.
Unloading 1351 Unused Serialized files (Serialized files now loaded: 0)
System memory in use before: 138.2 MB.
System memory in use after: 138.2 MB.

Unloading 11 unused Assets to reduce memory usage. Loaded Objects now: 1810.
Total: 2.675772 ms (FindLiveObjects: 0.243840 ms CreateObjectMapping: 0.065800 ms MarkObjects: 2.220677 ms  DeleteObjects: 0.141851 ms)

