Using pre-set license
Built from '2020.3/staging' branch; Version is '2020.3.5f1 (8095aa901b9b) revision 8426922'; Using compiler version '192528614'; Build Type 'Release'
OS: 'Windows 10 Home; OS build 19042.1052; Version 2009; 64bit' Language: 'it' Physical Memory: 16269 MB
BatchMode: 1, IsHumanControllingUs: 0, StartBugReporterOnCrash: 0, Is64bit: 1, IsPro: 0

 COMMAND LINE ARGUMENTS:
D:\Programmi\Unity\2020.3.5f1\Editor\Unity.exe
-adb2
-batchMode
-noUpm
-name
AssetImportWorker0
-projectPath
D:/DOMI/University/Magistrale/II Anno/II semestre/Grafica 3D per applicazioni biometriche/Progetto/Runbilitation_final
-logFile
Logs/AssetImportWorker0.log
-srvPort
63811
Successfully changed project path to: D:/DOMI/University/Magistrale/II Anno/II semestre/Grafica 3D per applicazioni biometriche/Progetto/Runbilitation_final
D:/DOMI/University/Magistrale/II Anno/II semestre/Grafica 3D per applicazioni biometriche/Progetto/Runbilitation_final
Using Asset Import Pipeline V2.
Refreshing native plugins compatible for Editor in 58.09 ms, found 0 plugins.
Preloading 0 native plugins for Editor in 0.00 ms.
Initialize engine version: 2020.3.5f1 (8095aa901b9b)
[Subsystems] Discovering subsystems at path D:/Programmi/Unity/2020.3.5f1/Editor/Data/Resources/UnitySubsystems
[Subsystems] Discovering subsystems at path D:/DOMI/University/Magistrale/II Anno/II semestre/Grafica 3D per applicazioni biometriche/Progetto/Runbilitation_final/Assets
GfxDevice: creating device client; threaded=0
Direct3D:
    Version:  Direct3D 11.0 [level 11.1]
    Renderer: NVIDIA GeForce GTX 1050 (ID=0x1c8d)
    Vendor:   
    VRAM:     4019 MB
    Driver:   27.21.14.6230
Initialize mono
Mono path[0] = 'D:/Programmi/Unity/2020.3.5f1/Editor/Data/Managed'
Mono path[1] = 'D:/Programmi/Unity/2020.3.5f1/Editor/Data/MonoBleedingEdge/lib/mono/unityjit'
Mono config path = 'D:/Programmi/Unity/2020.3.5f1/Editor/Data/MonoBleedingEdge/etc'
Using monoOptions --debugger-agent=transport=dt_socket,embedding=1,server=y,suspend=n,address=127.0.0.1:56576
Begin MonoManager ReloadAssembly
Registering precompiled unity dll's ...
Register platform support module: D:/Programmi/Unity/2020.3.5f1/Editor/Data/PlaybackEngines/WebGLSupport/UnityEditor.WebGL.Extensions.dll
Register platform support module: D:/Programmi/Unity/2020.3.5f1/Editor/Data/PlaybackEngines/WindowsStandaloneSupport/UnityEditor.WindowsStandalone.Extensions.dll
Registered in 0.002910 seconds.
Native extension for WindowsStandalone target not found
Native extension for WebGL target not found
Refreshing native plugins compatible for Editor in 50.59 ms, found 0 plugins.
Preloading 0 native plugins for Editor in 0.00 ms.
Mono: successfully reloaded assembly
- Completed reload, in  1.532 seconds
Platform modules already initialized, skipping
Registering precompiled user dll's ...
Registered in 0.002079 seconds.
Begin MonoManager ReloadAssembly
Native extension for WindowsStandalone target not found
Native extension for WebGL target not found
Refreshing native plugins compatible for Editor in 0.52 ms, found 0 plugins.
Preloading 0 native plugins for Editor in 0.00 ms.
Current Scripting Backend IL2CPP  Target:WebGL
UnityEngine.StackTraceUtility:ExtractStackTrace ()
UnityEngine.DebugLogHandler:LogFormat (UnityEngine.LogType,UnityEngine.Object,string,object[])
UnityEngine.Logger:Log (UnityEngine.LogType,object)
UnityEngine.Debug:Log (object)
SwitchDll:Check () (at Assets/NuitrackSDK/Nuitrack/NuitrackAssembly/Editor/SwitchDll.cs:50)
SwitchDll:.cctor () (at Assets/NuitrackSDK/Nuitrack/NuitrackAssembly/Editor/SwitchDll.cs:17)
System.Runtime.CompilerServices.RuntimeHelpers:RunClassConstructor (System.RuntimeTypeHandle)
UnityEditor.EditorAssemblies:ProcessInitializeOnLoadAttributes (System.Type[])

(Filename: Assets/NuitrackSDK/Nuitrack/NuitrackAssembly/Editor/SwitchDll.cs Line: 50)

Cannot set deprecated build target 'Linux' for Assets/NuitrackSDK/Nuitrack/NuitrackAssembly/IL2CPP/nuitrack.net.dll
UnityEngine.StackTraceUtility:ExtractStackTrace ()
UnityEditor.PluginImporter:SetCompatibleWithPlatform (string,bool)
UnityEditor.PluginImporter:SetCompatibleWithPlatform (UnityEditor.BuildTarget,bool)
SwitchDll:SwitchCompatibleWithPlatform (UnityEditor.PluginImporter,bool) (at Assets/NuitrackSDK/Nuitrack/NuitrackAssembly/Editor/SwitchDll.cs:101)
SwitchDll:Check () (at Assets/NuitrackSDK/Nuitrack/NuitrackAssembly/Editor/SwitchDll.cs:87)
SwitchDll:.cctor () (at Assets/NuitrackSDK/Nuitrack/NuitrackAssembly/Editor/SwitchDll.cs:17)
System.Runtime.CompilerServices.RuntimeHelpers:RunClassConstructor (System.RuntimeTypeHandle)
UnityEditor.EditorAssemblies:ProcessInitializeOnLoadAttributes (System.Type[])

[Assets/NuitrackSDK/Nuitrack/NuitrackAssembly/Editor/SwitchDll.cs line 101]

Platform WebGL. Switch Nuitrack dll to Assets/NuitrackSDK/Nuitrack/NuitrackAssembly/nuitrack.net.dll
UnityEngine.StackTraceUtility:ExtractStackTrace ()
UnityEngine.DebugLogHandler:LogFormat (UnityEngine.LogType,UnityEngine.Object,string,object[])
UnityEngine.Logger:Log (UnityEngine.LogType,object)
UnityEngine.Debug:Log (object)
SwitchDll:SwitchCompatibleWithPlatform (UnityEditor.PluginImporter,bool) (at Assets/NuitrackSDK/Nuitrack/NuitrackAssembly/Editor/SwitchDll.cs:96)
SwitchDll:Check () (at Assets/NuitrackSDK/Nuitrack/NuitrackAssembly/Editor/SwitchDll.cs:88)
SwitchDll:.cctor () (at Assets/NuitrackSDK/Nuitrack/NuitrackAssembly/Editor/SwitchDll.cs:17)
System.Runtime.CompilerServices.RuntimeHelpers:RunClassConstructor (System.RuntimeTypeHandle)
UnityEditor.EditorAssemblies:ProcessInitializeOnLoadAttributes (System.Type[])

(Filename: Assets/NuitrackSDK/Nuitrack/NuitrackAssembly/Editor/SwitchDll.cs Line: 96)

Cannot set deprecated build target 'Linux' for Assets/NuitrackSDK/Nuitrack/NuitrackAssembly/nuitrack.net.dll
UnityEngine.StackTraceUtility:ExtractStackTrace ()
UnityEditor.PluginImporter:SetCompatibleWithPlatform (string,bool)
UnityEditor.PluginImporter:SetCompatibleWithPlatform (UnityEditor.BuildTarget,bool)
SwitchDll:SwitchCompatibleWithPlatform (UnityEditor.PluginImporter,bool) (at Assets/NuitrackSDK/Nuitrack/NuitrackAssembly/Editor/SwitchDll.cs:101)
SwitchDll:Check () (at Assets/NuitrackSDK/Nuitrack/NuitrackAssembly/Editor/SwitchDll.cs:88)
SwitchDll:.cctor () (at Assets/NuitrackSDK/Nuitrack/NuitrackAssembly/Editor/SwitchDll.cs:17)
System.Runtime.CompilerServices.RuntimeHelpers:RunClassConstructor (System.RuntimeTypeHandle)
UnityEditor.EditorAssemblies:ProcessInitializeOnLoadAttributes (System.Type[])

[Assets/NuitrackSDK/Nuitrack/NuitrackAssembly/Editor/SwitchDll.cs line 101]

Cannot set deprecated build target 'Linux' for Assets/NuitrackSDK/Nuitrack/NuitrackAssembly/iOS/nuitrack.net.dll
UnityEngine.StackTraceUtility:ExtractStackTrace ()
UnityEditor.PluginImporter:SetCompatibleWithPlatform (string,bool)
UnityEditor.PluginImporter:SetCompatibleWithPlatform (UnityEditor.BuildTarget,bool)
SwitchDll:SwitchCompatibleWithPlatform (UnityEditor.PluginImporter,bool) (at Assets/NuitrackSDK/Nuitrack/NuitrackAssembly/Editor/SwitchDll.cs:101)
SwitchDll:Check () (at Assets/NuitrackSDK/Nuitrack/NuitrackAssembly/Editor/SwitchDll.cs:89)
SwitchDll:.cctor () (at Assets/NuitrackSDK/Nuitrack/NuitrackAssembly/Editor/SwitchDll.cs:17)
System.Runtime.CompilerServices.RuntimeHelpers:RunClassConstructor (System.RuntimeTypeHandle)
UnityEditor.EditorAssemblies:ProcessInitializeOnLoadAttributes (System.Type[])

[Assets/NuitrackSDK/Nuitrack/NuitrackAssembly/Editor/SwitchDll.cs line 101]

Mono: successfully reloaded assembly
- Completed reload, in  1.365 seconds
Platform modules already initialized, skipping
========================================================================
Worker process is ready to serve import requests
Launched and connected shader compiler UnityShaderCompiler.exe after 0.21 seconds
Refreshing native plugins compatible for Editor in 0.45 ms, found 0 plugins.
Preloading 0 native plugins for Editor in 0.00 ms.
Unloading 1460 Unused Serialized files (Serialized files now loaded: 0)
System memory in use before: 89.1 MB.
System memory in use after: 89.2 MB.

Unloading 15 unused Assets to reduce memory usage. Loaded Objects now: 1919.
Total: 4.014100 ms (FindLiveObjects: 0.324800 ms CreateObjectMapping: 0.286200 ms MarkObjects: 3.289600 ms  DeleteObjects: 0.112300 ms)

========================================================================
Received Import Request.
  path: Assets/NuitrackSDK/Nuitrack
  artifactKey: Guid(dce7b1ce8e6ba89438630903c6bbbe65) Importer(815301076,1909f56bfc062723c751e8b465ee728b)
Start importing Assets/NuitrackSDK/Nuitrack using Guid(dce7b1ce8e6ba89438630903c6bbbe65) Importer(815301076,1909f56bfc062723c751e8b465ee728b)  -> (artifact id: '7a3feee229d177bb17dd4f10672a2abd') in 0.011548 seconds
  Import took 0.014985 seconds .

========================================================================
Received Import Request.
  Time since last request: 0.000331 seconds.
  path: Assets/NuitrackSDK/Nuitrack/NuitrackAssembly
  artifactKey: Guid(df85155376f132244b0dfd2666f7984d) Importer(815301076,1909f56bfc062723c751e8b465ee728b)
Start importing Assets/NuitrackSDK/Nuitrack/NuitrackAssembly using Guid(df85155376f132244b0dfd2666f7984d) Importer(815301076,1909f56bfc062723c751e8b465ee728b)  -> (artifact id: 'a6596ff6d264591f6ac2c6310f295864') in 0.012995 seconds
  Import took 0.016848 seconds .

========================================================================
Received Import Request.
  Time since last request: 3.838598 seconds.
  path: Assets/NuitrackSDK/Nuitrack/NuitrackAssembly/nuitrack.net.dll
  artifactKey: Guid(babcf23769a5aa24ea729c618bfa6639) Importer(815301076,1909f56bfc062723c751e8b465ee728b)
Start importing Assets/NuitrackSDK/Nuitrack/NuitrackAssembly/nuitrack.net.dll using Guid(babcf23769a5aa24ea729c618bfa6639) Importer(815301076,1909f56bfc062723c751e8b465ee728b)  -> (artifact id: '28318b18cf07f2a4f2a22f88dbbdb242') in 0.073706 seconds
  Import took 0.077075 seconds .

========================================================================
Received Import Request.
  Time since last request: 0.014387 seconds.
  path: Assets/NuitrackSDK/Nuitrack/NuitrackAssembly/nuitrack.net.dll
  artifactKey: Guid(babcf23769a5aa24ea729c618bfa6639) Importer(815301076,1909f56bfc062723c751e8b465ee728b)
Start importing Assets/NuitrackSDK/Nuitrack/NuitrackAssembly/nuitrack.net.dll using Guid(babcf23769a5aa24ea729c618bfa6639) Importer(815301076,1909f56bfc062723c751e8b465ee728b)  -> (artifact id: '28318b18cf07f2a4f2a22f88dbbdb242') in 0.002199 seconds
  Import took 0.005607 seconds .

========================================================================
Received Import Request.
  Time since last request: 1.313186 seconds.
  path: Assets/NuitrackSDK/Nuitrack/NuitrackAssembly/nuitrackHelper.jar
  artifactKey: Guid(c7243110a572ed64c92433a49c8aaae7) Importer(815301076,1909f56bfc062723c751e8b465ee728b)
Start importing Assets/NuitrackSDK/Nuitrack/NuitrackAssembly/nuitrackHelper.jar using Guid(c7243110a572ed64c92433a49c8aaae7) Importer(815301076,1909f56bfc062723c751e8b465ee728b)  -> (artifact id: '1cade1a87ef6fa21ad54dc978f2f6374') in 0.038164 seconds
  Import took 0.044564 seconds .

========================================================================
Received Import Request.
  Time since last request: 0.007917 seconds.
  path: Assets/NuitrackSDK/Nuitrack/NuitrackAssembly/nuitrackHelper.jar
  artifactKey: Guid(c7243110a572ed64c92433a49c8aaae7) Importer(815301076,1909f56bfc062723c751e8b465ee728b)
Start importing Assets/NuitrackSDK/Nuitrack/NuitrackAssembly/nuitrackHelper.jar using Guid(c7243110a572ed64c92433a49c8aaae7) Importer(815301076,1909f56bfc062723c751e8b465ee728b)  -> (artifact id: '1cade1a87ef6fa21ad54dc978f2f6374') in 0.003195 seconds
  Import took 0.009050 seconds .

========================================================================
Received Import Request.
  Time since last request: 27.841941 seconds.
  path: Assets/NuitrackSDK/Nuitrack/NuitrackAssembly/nuitrack.net.dll
  artifactKey: Guid(babcf23769a5aa24ea729c618bfa6639) Importer(815301076,1909f56bfc062723c751e8b465ee728b)
Start importing Assets/NuitrackSDK/Nuitrack/NuitrackAssembly/nuitrack.net.dll using Guid(babcf23769a5aa24ea729c618bfa6639) Importer(815301076,1909f56bfc062723c751e8b465ee728b)  -> (artifact id: '536f4f4e7f411ae4b03ee24bff477a56') in 0.003363 seconds
  Import took 0.010550 seconds .

========================================================================
Received Prepare
Registering precompiled user dll's ...
Registered in 0.001964 seconds.
Begin MonoManager ReloadAssembly
Native extension for WindowsStandalone target not found
Native extension for WebGL target not found
Refreshing native plugins compatible for Editor in 0.57 ms, found 0 plugins.
Preloading 0 native plugins for Editor in 0.00 ms.
Current Scripting Backend IL2CPP  Target:WebGL
UnityEngine.StackTraceUtility:ExtractStackTrace ()
UnityEngine.DebugLogHandler:LogFormat (UnityEngine.LogType,UnityEngine.Object,string,object[])
UnityEngine.Logger:Log (UnityEngine.LogType,object)
UnityEngine.Debug:Log (object)
SwitchDll:Check () (at Assets/NuitrackSDK/Nuitrack/NuitrackAssembly/Editor/SwitchDll.cs:50)
SwitchDll:.cctor () (at Assets/NuitrackSDK/Nuitrack/NuitrackAssembly/Editor/SwitchDll.cs:17)
System.Runtime.CompilerServices.RuntimeHelpers:RunClassConstructor (System.RuntimeTypeHandle)
UnityEditor.EditorAssemblies:ProcessInitializeOnLoadAttributes (System.Type[])

(Filename: Assets/NuitrackSDK/Nuitrack/NuitrackAssembly/Editor/SwitchDll.cs Line: 50)

Cannot set deprecated build target 'Linux' for Assets/NuitrackSDK/Nuitrack/NuitrackAssembly/IL2CPP/nuitrack.net.dll
UnityEngine.StackTraceUtility:ExtractStackTrace ()
UnityEditor.PluginImporter:SetCompatibleWithPlatform (string,bool)
UnityEditor.PluginImporter:SetCompatibleWithPlatform (UnityEditor.BuildTarget,bool)
SwitchDll:SwitchCompatibleWithPlatform (UnityEditor.PluginImporter,bool) (at Assets/NuitrackSDK/Nuitrack/NuitrackAssembly/Editor/SwitchDll.cs:101)
SwitchDll:Check () (at Assets/NuitrackSDK/Nuitrack/NuitrackAssembly/Editor/SwitchDll.cs:87)
SwitchDll:.cctor () (at Assets/NuitrackSDK/Nuitrack/NuitrackAssembly/Editor/SwitchDll.cs:17)
System.Runtime.CompilerServices.RuntimeHelpers:RunClassConstructor (System.RuntimeTypeHandle)
UnityEditor.EditorAssemblies:ProcessInitializeOnLoadAttributes (System.Type[])

[Assets/NuitrackSDK/Nuitrack/NuitrackAssembly/Editor/SwitchDll.cs line 101]

Platform WebGL. Switch Nuitrack dll to Assets/NuitrackSDK/Nuitrack/NuitrackAssembly/nuitrack.net.dll
UnityEngine.StackTraceUtility:ExtractStackTrace ()
UnityEngine.DebugLogHandler:LogFormat (UnityEngine.LogType,UnityEngine.Object,string,object[])
UnityEngine.Logger:Log (UnityEngine.LogType,object)
UnityEngine.Debug:Log (object)
SwitchDll:SwitchCompatibleWithPlatform (UnityEditor.PluginImporter,bool) (at Assets/NuitrackSDK/Nuitrack/NuitrackAssembly/Editor/SwitchDll.cs:96)
SwitchDll:Check () (at Assets/NuitrackSDK/Nuitrack/NuitrackAssembly/Editor/SwitchDll.cs:88)
SwitchDll:.cctor () (at Assets/NuitrackSDK/Nuitrack/NuitrackAssembly/Editor/SwitchDll.cs:17)
System.Runtime.CompilerServices.RuntimeHelpers:RunClassConstructor (System.RuntimeTypeHandle)
UnityEditor.EditorAssemblies:ProcessInitializeOnLoadAttributes (System.Type[])

(Filename: Assets/NuitrackSDK/Nuitrack/NuitrackAssembly/Editor/SwitchDll.cs Line: 96)

Cannot set deprecated build target 'Linux' for Assets/NuitrackSDK/Nuitrack/NuitrackAssembly/nuitrack.net.dll
UnityEngine.StackTraceUtility:ExtractStackTrace ()
UnityEditor.PluginImporter:SetCompatibleWithPlatform (string,bool)
UnityEditor.PluginImporter:SetCompatibleWithPlatform (UnityEditor.BuildTarget,bool)
SwitchDll:SwitchCompatibleWithPlatform (UnityEditor.PluginImporter,bool) (at Assets/NuitrackSDK/Nuitrack/NuitrackAssembly/Editor/SwitchDll.cs:101)
SwitchDll:Check () (at Assets/NuitrackSDK/Nuitrack/NuitrackAssembly/Editor/SwitchDll.cs:88)
SwitchDll:.cctor () (at Assets/NuitrackSDK/Nuitrack/NuitrackAssembly/Editor/SwitchDll.cs:17)
System.Runtime.CompilerServices.RuntimeHelpers:RunClassConstructor (System.RuntimeTypeHandle)
UnityEditor.EditorAssemblies:ProcessInitializeOnLoadAttributes (System.Type[])

[Assets/NuitrackSDK/Nuitrack/NuitrackAssembly/Editor/SwitchDll.cs line 101]

Cannot set deprecated build target 'Linux' for Assets/NuitrackSDK/Nuitrack/NuitrackAssembly/iOS/nuitrack.net.dll
UnityEngine.StackTraceUtility:ExtractStackTrace ()
UnityEditor.PluginImporter:SetCompatibleWithPlatform (string,bool)
UnityEditor.PluginImporter:SetCompatibleWithPlatform (UnityEditor.BuildTarget,bool)
SwitchDll:SwitchCompatibleWithPlatform (UnityEditor.PluginImporter,bool) (at Assets/NuitrackSDK/Nuitrack/NuitrackAssembly/Editor/SwitchDll.cs:101)
SwitchDll:Check () (at Assets/NuitrackSDK/Nuitrack/NuitrackAssembly/Editor/SwitchDll.cs:89)
SwitchDll:.cctor () (at Assets/NuitrackSDK/Nuitrack/NuitrackAssembly/Editor/SwitchDll.cs:17)
System.Runtime.CompilerServices.RuntimeHelpers:RunClassConstructor (System.RuntimeTypeHandle)
UnityEditor.EditorAssemblies:ProcessInitializeOnLoadAttributes (System.Type[])

[Assets/NuitrackSDK/Nuitrack/NuitrackAssembly/Editor/SwitchDll.cs line 101]

Mono: successfully reloaded assembly
- Completed reload, in  1.390 seconds
Platform modules already initialized, skipping
Refreshing native plugins compatible for Editor in 0.39 ms, found 0 plugins.
Preloading 0 native plugins for Editor in 0.00 ms.
Unloading 1423 Unused Serialized files (Serialized files now loaded: 0)
System memory in use before: 85.9 MB.
System memory in use after: 86.0 MB.

Unloading 9 unused Assets to reduce memory usage. Loaded Objects now: 1923.
Total: 4.229900 ms (FindLiveObjects: 0.331000 ms CreateObjectMapping: 0.082300 ms MarkObjects: 3.728100 ms  DeleteObjects: 0.086500 ms)

========================================================================
Received Import Request.
  Time since last request: 58.520384 seconds.
  path: Assets/NuitrackSDK/Nuitrack/NuitrackAssembly/nuitrack.net.dll
  artifactKey: Guid(babcf23769a5aa24ea729c618bfa6639) Importer(815301076,1909f56bfc062723c751e8b465ee728b)
Start importing Assets/NuitrackSDK/Nuitrack/NuitrackAssembly/nuitrack.net.dll using Guid(babcf23769a5aa24ea729c618bfa6639) Importer(815301076,1909f56bfc062723c751e8b465ee728b)  -> (artifact id: 'c752a2b4b15f846d911f08f6a79031db') in 0.009952 seconds
  Import took 0.015954 seconds .

========================================================================
Received Prepare
Registering precompiled user dll's ...
Registered in 0.002463 seconds.
Begin MonoManager ReloadAssembly
Native extension for WindowsStandalone target not found
Native extension for WebGL target not found
Refreshing native plugins compatible for Editor in 0.36 ms, found 0 plugins.
Preloading 0 native plugins for Editor in 0.00 ms.
Current Scripting Backend IL2CPP  Target:WebGL
UnityEngine.StackTraceUtility:ExtractStackTrace ()
UnityEngine.DebugLogHandler:LogFormat (UnityEngine.LogType,UnityEngine.Object,string,object[])
UnityEngine.Logger:Log (UnityEngine.LogType,object)
UnityEngine.Debug:Log (object)
SwitchDll:Check () (at Assets/NuitrackSDK/Nuitrack/NuitrackAssembly/Editor/SwitchDll.cs:50)
SwitchDll:.cctor () (at Assets/NuitrackSDK/Nuitrack/NuitrackAssembly/Editor/SwitchDll.cs:17)
System.Runtime.CompilerServices.RuntimeHelpers:RunClassConstructor (System.RuntimeTypeHandle)
UnityEditor.EditorAssemblies:ProcessInitializeOnLoadAttributes (System.Type[])

(Filename: Assets/NuitrackSDK/Nuitrack/NuitrackAssembly/Editor/SwitchDll.cs Line: 50)

Cannot set deprecated build target 'Linux' for Assets/NuitrackSDK/Nuitrack/NuitrackAssembly/IL2CPP/nuitrack.net.dll
UnityEngine.StackTraceUtility:ExtractStackTrace ()
UnityEditor.PluginImporter:SetCompatibleWithPlatform (string,bool)
UnityEditor.PluginImporter:SetCompatibleWithPlatform (UnityEditor.BuildTarget,bool)
SwitchDll:SwitchCompatibleWithPlatform (UnityEditor.PluginImporter,bool) (at Assets/NuitrackSDK/Nuitrack/NuitrackAssembly/Editor/SwitchDll.cs:101)
SwitchDll:Check () (at Assets/NuitrackSDK/Nuitrack/NuitrackAssembly/Editor/SwitchDll.cs:87)
SwitchDll:.cctor () (at Assets/NuitrackSDK/Nuitrack/NuitrackAssembly/Editor/SwitchDll.cs:17)
System.Runtime.CompilerServices.RuntimeHelpers:RunClassConstructor (System.RuntimeTypeHandle)
UnityEditor.EditorAssemblies:ProcessInitializeOnLoadAttributes (System.Type[])

[Assets/NuitrackSDK/Nuitrack/NuitrackAssembly/Editor/SwitchDll.cs line 101]

Platform WebGL. Switch Nuitrack dll to Assets/NuitrackSDK/Nuitrack/NuitrackAssembly/nuitrack.net.dll
UnityEngine.StackTraceUtility:ExtractStackTrace ()
UnityEngine.DebugLogHandler:LogFormat (UnityEngine.LogType,UnityEngine.Object,string,object[])
UnityEngine.Logger:Log (UnityEngine.LogType,object)
UnityEngine.Debug:Log (object)
SwitchDll:SwitchCompatibleWithPlatform (UnityEditor.PluginImporter,bool) (at Assets/NuitrackSDK/Nuitrack/NuitrackAssembly/Editor/SwitchDll.cs:96)
SwitchDll:Check () (at Assets/NuitrackSDK/Nuitrack/NuitrackAssembly/Editor/SwitchDll.cs:88)
SwitchDll:.cctor () (at Assets/NuitrackSDK/Nuitrack/NuitrackAssembly/Editor/SwitchDll.cs:17)
System.Runtime.CompilerServices.RuntimeHelpers:RunClassConstructor (System.RuntimeTypeHandle)
UnityEditor.EditorAssemblies:ProcessInitializeOnLoadAttributes (System.Type[])

(Filename: Assets/NuitrackSDK/Nuitrack/NuitrackAssembly/Editor/SwitchDll.cs Line: 96)

Cannot set deprecated build target 'Linux' for Assets/NuitrackSDK/Nuitrack/NuitrackAssembly/nuitrack.net.dll
UnityEngine.StackTraceUtility:ExtractStackTrace ()
UnityEditor.PluginImporter:SetCompatibleWithPlatform (string,bool)
UnityEditor.PluginImporter:SetCompatibleWithPlatform (UnityEditor.BuildTarget,bool)
SwitchDll:SwitchCompatibleWithPlatform (UnityEditor.PluginImporter,bool) (at Assets/NuitrackSDK/Nuitrack/NuitrackAssembly/Editor/SwitchDll.cs:101)
SwitchDll:Check () (at Assets/NuitrackSDK/Nuitrack/NuitrackAssembly/Editor/SwitchDll.cs:88)
SwitchDll:.cctor () (at Assets/NuitrackSDK/Nuitrack/NuitrackAssembly/Editor/SwitchDll.cs:17)
System.Runtime.CompilerServices.RuntimeHelpers:RunClassConstructor (System.RuntimeTypeHandle)
UnityEditor.EditorAssemblies:ProcessInitializeOnLoadAttributes (System.Type[])

[Assets/NuitrackSDK/Nuitrack/NuitrackAssembly/Editor/SwitchDll.cs line 101]

Cannot set deprecated build target 'Linux' for Assets/NuitrackSDK/Nuitrack/NuitrackAssembly/iOS/nuitrack.net.dll
UnityEngine.StackTraceUtility:ExtractStackTrace ()
UnityEditor.PluginImporter:SetCompatibleWithPlatform (string,bool)
UnityEditor.PluginImporter:SetCompatibleWithPlatform (UnityEditor.BuildTarget,bool)
SwitchDll:SwitchCompatibleWithPlatform (UnityEditor.PluginImporter,bool) (at Assets/NuitrackSDK/Nuitrack/NuitrackAssembly/Editor/SwitchDll.cs:101)
SwitchDll:Check () (at Assets/NuitrackSDK/Nuitrack/NuitrackAssembly/Editor/SwitchDll.cs:89)
SwitchDll:.cctor () (at Assets/NuitrackSDK/Nuitrack/NuitrackAssembly/Editor/SwitchDll.cs:17)
System.Runtime.CompilerServices.RuntimeHelpers:RunClassConstructor (System.RuntimeTypeHandle)
UnityEditor.EditorAssemblies:ProcessInitializeOnLoadAttributes (System.Type[])

[Assets/NuitrackSDK/Nuitrack/NuitrackAssembly/Editor/SwitchDll.cs line 101]

Mono: successfully reloaded assembly
- Completed reload, in  1.351 seconds
Platform modules already initialized, skipping
Refreshing native plugins compatible for Editor in 0.53 ms, found 0 plugins.
Preloading 0 native plugins for Editor in 0.00 ms.
Unloading 1422 Unused Serialized files (Serialized files now loaded: 0)
System memory in use before: 86.0 MB.
System memory in use after: 86.0 MB.

Unloading 9 unused Assets to reduce memory usage. Loaded Objects now: 1926.
Total: 3.813100 ms (FindLiveObjects: 0.175900 ms CreateObjectMapping: 0.054600 ms MarkObjects: 3.510800 ms  DeleteObjects: 0.070100 ms)

========================================================================
Received Prepare
Refreshing native plugins compatible for Editor in 2.66 ms, found 0 plugins.
Preloading 0 native plugins for Editor in 0.00 ms.
Unloading 6 Unused Serialized files (Serialized files now loaded: 0)
System memory in use before: 57.3 MB.
System memory in use after: 57.3 MB.

Unloading 6 unused Assets to reduce memory usage. Loaded Objects now: 1926.
Total: 3.082400 ms (FindLiveObjects: 0.257200 ms CreateObjectMapping: 0.072800 ms MarkObjects: 2.626100 ms  DeleteObjects: 0.123800 ms)

========================================================================
Received Prepare
Registering precompiled user dll's ...
Registered in 0.001832 seconds.
Begin MonoManager ReloadAssembly
Native extension for WindowsStandalone target not found
Native extension for WebGL target not found
Refreshing native plugins compatible for Editor in 0.50 ms, found 0 plugins.
Preloading 0 native plugins for Editor in 0.00 ms.
Current Scripting Backend IL2CPP  Target:WebGL
UnityEngine.StackTraceUtility:ExtractStackTrace ()
UnityEngine.DebugLogHandler:LogFormat (UnityEngine.LogType,UnityEngine.Object,string,object[])
UnityEngine.Logger:Log (UnityEngine.LogType,object)
UnityEngine.Debug:Log (object)
SwitchDll:Check () (at Assets/NuitrackSDK/Nuitrack/NuitrackAssembly/Editor/SwitchDll.cs:50)
SwitchDll:.cctor () (at Assets/NuitrackSDK/Nuitrack/NuitrackAssembly/Editor/SwitchDll.cs:17)
System.Runtime.CompilerServices.RuntimeHelpers:RunClassConstructor (System.RuntimeTypeHandle)
UnityEditor.EditorAssemblies:ProcessInitializeOnLoadAttributes (System.Type[])

(Filename: Assets/NuitrackSDK/Nuitrack/NuitrackAssembly/Editor/SwitchDll.cs Line: 50)

Cannot set deprecated build target 'Linux' for Assets/NuitrackSDK/Nuitrack/NuitrackAssembly/IL2CPP/nuitrack.net.dll
UnityEngine.StackTraceUtility:ExtractStackTrace ()
UnityEditor.PluginImporter:SetCompatibleWithPlatform (string,bool)
UnityEditor.PluginImporter:SetCompatibleWithPlatform (UnityEditor.BuildTarget,bool)
SwitchDll:SwitchCompatibleWithPlatform (UnityEditor.PluginImporter,bool) (at Assets/NuitrackSDK/Nuitrack/NuitrackAssembly/Editor/SwitchDll.cs:101)
SwitchDll:Check () (at Assets/NuitrackSDK/Nuitrack/NuitrackAssembly/Editor/SwitchDll.cs:87)
SwitchDll:.cctor () (at Assets/NuitrackSDK/Nuitrack/NuitrackAssembly/Editor/SwitchDll.cs:17)
System.Runtime.CompilerServices.RuntimeHelpers:RunClassConstructor (System.RuntimeTypeHandle)
UnityEditor.EditorAssemblies:ProcessInitializeOnLoadAttributes (System.Type[])

[Assets/NuitrackSDK/Nuitrack/NuitrackAssembly/Editor/SwitchDll.cs line 101]

Platform WebGL. Switch Nuitrack dll to Assets/NuitrackSDK/Nuitrack/NuitrackAssembly/nuitrack.net.dll
UnityEngine.StackTraceUtility:ExtractStackTrace ()
UnityEngine.DebugLogHandler:LogFormat (UnityEngine.LogType,UnityEngine.Object,string,object[])
UnityEngine.Logger:Log (UnityEngine.LogType,object)
UnityEngine.Debug:Log (object)
SwitchDll:SwitchCompatibleWithPlatform (UnityEditor.PluginImporter,bool) (at Assets/NuitrackSDK/Nuitrack/NuitrackAssembly/Editor/SwitchDll.cs:96)
SwitchDll:Check () (at Assets/NuitrackSDK/Nuitrack/NuitrackAssembly/Editor/SwitchDll.cs:88)
SwitchDll:.cctor () (at Assets/NuitrackSDK/Nuitrack/NuitrackAssembly/Editor/SwitchDll.cs:17)
System.Runtime.CompilerServices.RuntimeHelpers:RunClassConstructor (System.RuntimeTypeHandle)
UnityEditor.EditorAssemblies:ProcessInitializeOnLoadAttributes (System.Type[])

(Filename: Assets/NuitrackSDK/Nuitrack/NuitrackAssembly/Editor/SwitchDll.cs Line: 96)

Cannot set deprecated build target 'Linux' for Assets/NuitrackSDK/Nuitrack/NuitrackAssembly/nuitrack.net.dll
UnityEngine.StackTraceUtility:ExtractStackTrace ()
UnityEditor.PluginImporter:SetCompatibleWithPlatform (string,bool)
UnityEditor.PluginImporter:SetCompatibleWithPlatform (UnityEditor.BuildTarget,bool)
SwitchDll:SwitchCompatibleWithPlatform (UnityEditor.PluginImporter,bool) (at Assets/NuitrackSDK/Nuitrack/NuitrackAssembly/Editor/SwitchDll.cs:101)
SwitchDll:Check () (at Assets/NuitrackSDK/Nuitrack/NuitrackAssembly/Editor/SwitchDll.cs:88)
SwitchDll:.cctor () (at Assets/NuitrackSDK/Nuitrack/NuitrackAssembly/Editor/SwitchDll.cs:17)
System.Runtime.CompilerServices.RuntimeHelpers:RunClassConstructor (System.RuntimeTypeHandle)
UnityEditor.EditorAssemblies:ProcessInitializeOnLoadAttributes (System.Type[])

[Assets/NuitrackSDK/Nuitrack/NuitrackAssembly/Editor/SwitchDll.cs line 101]

Cannot set deprecated build target 'Linux' for Assets/NuitrackSDK/Nuitrack/NuitrackAssembly/iOS/nuitrack.net.dll
UnityEngine.StackTraceUtility:ExtractStackTrace ()
UnityEditor.PluginImporter:SetCompatibleWithPlatform (string,bool)
UnityEditor.PluginImporter:SetCompatibleWithPlatform (UnityEditor.BuildTarget,bool)
SwitchDll:SwitchCompatibleWithPlatform (UnityEditor.PluginImporter,bool) (at Assets/NuitrackSDK/Nuitrack/NuitrackAssembly/Editor/SwitchDll.cs:101)
SwitchDll:Check () (at Assets/NuitrackSDK/Nuitrack/NuitrackAssembly/Editor/SwitchDll.cs:89)
SwitchDll:.cctor () (at Assets/NuitrackSDK/Nuitrack/NuitrackAssembly/Editor/SwitchDll.cs:17)
System.Runtime.CompilerServices.RuntimeHelpers:RunClassConstructor (System.RuntimeTypeHandle)
UnityEditor.EditorAssemblies:ProcessInitializeOnLoadAttributes (System.Type[])

[Assets/NuitrackSDK/Nuitrack/NuitrackAssembly/Editor/SwitchDll.cs line 101]

Mono: successfully reloaded assembly
- Completed reload, in  1.276 seconds
Platform modules already initialized, skipping
Refreshing native plugins compatible for Editor in 0.35 ms, found 0 plugins.
Preloading 0 native plugins for Editor in 0.00 ms.
Unloading 1422 Unused Serialized files (Serialized files now loaded: 0)
System memory in use before: 86.0 MB.
System memory in use after: 86.1 MB.

Unloading 9 unused Assets to reduce memory usage. Loaded Objects now: 1929.
Total: 3.937700 ms (FindLiveObjects: 0.263700 ms CreateObjectMapping: 0.119400 ms MarkObjects: 3.465300 ms  DeleteObjects: 0.087400 ms)

========================================================================
Received Prepare
Registering precompiled user dll's ...
Registered in 0.002423 seconds.
Begin MonoManager ReloadAssembly
Native extension for WindowsStandalone target not found
Native extension for WebGL target not found
Refreshing native plugins compatible for Editor in 0.57 ms, found 0 plugins.
Preloading 0 native plugins for Editor in 0.00 ms.
Current Scripting Backend IL2CPP  Target:WebGL
UnityEngine.StackTraceUtility:ExtractStackTrace ()
UnityEngine.DebugLogHandler:LogFormat (UnityEngine.LogType,UnityEngine.Object,string,object[])
UnityEngine.Logger:Log (UnityEngine.LogType,object)
UnityEngine.Debug:Log (object)
SwitchDll:Check () (at Assets/NuitrackSDK/Nuitrack/NuitrackAssembly/Editor/SwitchDll.cs:50)
SwitchDll:.cctor () (at Assets/NuitrackSDK/Nuitrack/NuitrackAssembly/Editor/SwitchDll.cs:17)
System.Runtime.CompilerServices.RuntimeHelpers:RunClassConstructor (System.RuntimeTypeHandle)
UnityEditor.EditorAssemblies:ProcessInitializeOnLoadAttributes (System.Type[])

(Filename: Assets/NuitrackSDK/Nuitrack/NuitrackAssembly/Editor/SwitchDll.cs Line: 50)

Cannot set deprecated build target 'Linux' for Assets/NuitrackSDK/Nuitrack/NuitrackAssembly/IL2CPP/nuitrack.net.dll
UnityEngine.StackTraceUtility:ExtractStackTrace ()
UnityEditor.PluginImporter:SetCompatibleWithPlatform (string,bool)
UnityEditor.PluginImporter:SetCompatibleWithPlatform (UnityEditor.BuildTarget,bool)
SwitchDll:SwitchCompatibleWithPlatform (UnityEditor.PluginImporter,bool) (at Assets/NuitrackSDK/Nuitrack/NuitrackAssembly/Editor/SwitchDll.cs:101)
SwitchDll:Check () (at Assets/NuitrackSDK/Nuitrack/NuitrackAssembly/Editor/SwitchDll.cs:87)
SwitchDll:.cctor () (at Assets/NuitrackSDK/Nuitrack/NuitrackAssembly/Editor/SwitchDll.cs:17)
System.Runtime.CompilerServices.RuntimeHelpers:RunClassConstructor (System.RuntimeTypeHandle)
UnityEditor.EditorAssemblies:ProcessInitializeOnLoadAttributes (System.Type[])

[Assets/NuitrackSDK/Nuitrack/NuitrackAssembly/Editor/SwitchDll.cs line 101]

Platform WebGL. Switch Nuitrack dll to Assets/NuitrackSDK/Nuitrack/NuitrackAssembly/nuitrack.net.dll
UnityEngine.StackTraceUtility:ExtractStackTrace ()
UnityEngine.DebugLogHandler:LogFormat (UnityEngine.LogType,UnityEngine.Object,string,object[])
UnityEngine.Logger:Log (UnityEngine.LogType,object)
UnityEngine.Debug:Log (object)
SwitchDll:SwitchCompatibleWithPlatform (UnityEditor.PluginImporter,bool) (at Assets/NuitrackSDK/Nuitrack/NuitrackAssembly/Editor/SwitchDll.cs:96)
SwitchDll:Check () (at Assets/NuitrackSDK/Nuitrack/NuitrackAssembly/Editor/SwitchDll.cs:88)
SwitchDll:.cctor () (at Assets/NuitrackSDK/Nuitrack/NuitrackAssembly/Editor/SwitchDll.cs:17)
System.Runtime.CompilerServices.RuntimeHelpers:RunClassConstructor (System.RuntimeTypeHandle)
UnityEditor.EditorAssemblies:ProcessInitializeOnLoadAttributes (System.Type[])

(Filename: Assets/NuitrackSDK/Nuitrack/NuitrackAssembly/Editor/SwitchDll.cs Line: 96)

Cannot set deprecated build target 'Linux' for Assets/NuitrackSDK/Nuitrack/NuitrackAssembly/nuitrack.net.dll
UnityEngine.StackTraceUtility:ExtractStackTrace ()
UnityEditor.PluginImporter:SetCompatibleWithPlatform (string,bool)
UnityEditor.PluginImporter:SetCompatibleWithPlatform (UnityEditor.BuildTarget,bool)
SwitchDll:SwitchCompatibleWithPlatform (UnityEditor.PluginImporter,bool) (at Assets/NuitrackSDK/Nuitrack/NuitrackAssembly/Editor/SwitchDll.cs:101)
SwitchDll:Check () (at Assets/NuitrackSDK/Nuitrack/NuitrackAssembly/Editor/SwitchDll.cs:88)
SwitchDll:.cctor () (at Assets/NuitrackSDK/Nuitrack/NuitrackAssembly/Editor/SwitchDll.cs:17)
System.Runtime.CompilerServices.RuntimeHelpers:RunClassConstructor (System.RuntimeTypeHandle)
UnityEditor.EditorAssemblies:ProcessInitializeOnLoadAttributes (System.Type[])

[Assets/NuitrackSDK/Nuitrack/NuitrackAssembly/Editor/SwitchDll.cs line 101]

Cannot set deprecated build target 'Linux' for Assets/NuitrackSDK/Nuitrack/NuitrackAssembly/iOS/nuitrack.net.dll
UnityEngine.StackTraceUtility:ExtractStackTrace ()
UnityEditor.PluginImporter:SetCompatibleWithPlatform (string,bool)
UnityEditor.PluginImporter:SetCompatibleWithPlatform (UnityEditor.BuildTarget,bool)
SwitchDll:SwitchCompatibleWithPlatform (UnityEditor.PluginImporter,bool) (at Assets/NuitrackSDK/Nuitrack/NuitrackAssembly/Editor/SwitchDll.cs:101)
SwitchDll:Check () (at Assets/NuitrackSDK/Nuitrack/NuitrackAssembly/Editor/SwitchDll.cs:89)
SwitchDll:.cctor () (at Assets/NuitrackSDK/Nuitrack/NuitrackAssembly/Editor/SwitchDll.cs:17)
System.Runtime.CompilerServices.RuntimeHelpers:RunClassConstructor (System.RuntimeTypeHandle)
UnityEditor.EditorAssemblies:ProcessInitializeOnLoadAttributes (System.Type[])

[Assets/NuitrackSDK/Nuitrack/NuitrackAssembly/Editor/SwitchDll.cs line 101]

Mono: successfully reloaded assembly
- Completed reload, in  1.300 seconds
Platform modules already initialized, skipping
Refreshing native plugins compatible for Editor in 0.49 ms, found 0 plugins.
Preloading 0 native plugins for Editor in 0.00 ms.
Unloading 1422 Unused Serialized files (Serialized files now loaded: 0)
System memory in use before: 86.0 MB.
System memory in use after: 86.1 MB.

Unloading 9 unused Assets to reduce memory usage. Loaded Objects now: 1932.
Total: 5.534400 ms (FindLiveObjects: 0.464900 ms CreateObjectMapping: 0.117900 ms MarkObjects: 4.818800 ms  DeleteObjects: 0.129600 ms)

AssetImportWorkerClient::OnTransportError - code=2 error=End of file
