Using pre-set license

 COMMAND LINE ARGUMENTS:
/Volumes/EXTMAC/Applications/Unity/2020.3.7f1/Unity.app/Contents/MacOS/Unity
-adb2
-batchMode
-noUpm
-name
AssetImportWorker0
-projectPath
/Users/enricodeveloper/Documents/Scuola/2 semestre/Soluzioni di grafica 3D in applicazioni biometriche/Progetto/Repository/parkinsonexergames/UnityProjects/ParkinsonExergames
-logFile
Logs/AssetImportWorker0.log
-srvPort
53327
Successfully changed project path to: /Users/enricodeveloper/Documents/Scuola/2 semestre/Soluzioni di grafica 3D in applicazioni biometriche/Progetto/Repository/parkinsonexergames/UnityProjects/ParkinsonExergames
/Users/enricodeveloper/Documents/Scuola/2 semestre/Soluzioni di grafica 3D in applicazioni biometriche/Progetto/Repository/parkinsonexergames/UnityProjects/ParkinsonExergames
Using Asset Import Pipeline V2.
Refreshing native plugins compatible for Editor in 59.26 ms, found 1 plugins.
Preloading 0 native plugins for Editor in 0.00 ms.
Initialize engine version: 2020.3.7f1 (dd97f2c94397)
[Subsystems] Discovering subsystems at path /Volumes/EXTMAC/Applications/Unity/2020.3.7f1/Unity.app/Contents/Resources/UnitySubsystems
[Subsystems] Discovering subsystems at path /Users/enricodeveloper/Documents/Scuola/2 semestre/Soluzioni di grafica 3D in applicazioni biometriche/Progetto/Repository/parkinsonexergames/UnityProjects/ParkinsonExergames/Assets
GfxDevice: creating device client; threaded=0
2021-06-29 16:59:13.019 Unity[7439:327006] Color LCD preferred device: Intel HD Graphics 4000 (low power)
2021-06-29 16:59:13.019 Unity[7439:327006] Metal devices available: 1
2021-06-29 16:59:13.020 Unity[7439:327006] 0: Intel HD Graphics 4000 (low power)
2021-06-29 16:59:13.023 Unity[7439:327006] Using device Intel HD Graphics 4000 (low power)
Initializing Metal device caps: Intel HD Graphics 4000
Initialize mono
Mono path[0] = '/Volumes/EXTMAC/Applications/Unity/2020.3.7f1/Unity.app/Contents/Managed'
Mono path[1] = '/Volumes/EXTMAC/Applications/Unity/2020.3.7f1/Unity.app/Contents/MonoBleedingEdge/lib/mono/unityjit'
Mono config path = '/Volumes/EXTMAC/Applications/Unity/2020.3.7f1/Unity.app/Contents/MonoBleedingEdge/etc'
Using monoOptions --debugger-agent=transport=dt_socket,embedding=1,server=y,suspend=n,address=127.0.0.1:56439
Begin MonoManager ReloadAssembly
Registering precompiled unity dll's ...
Register platform support module: /Volumes/EXTMAC/Applications/Unity/2020.3.7f1/PlaybackEngines/WebGLSupport/UnityEditor.WebGL.Extensions.dll
Register platform support module: /Volumes/EXTMAC/Applications/Unity/2020.3.7f1/Unity.app/Contents/PlaybackEngines/MacStandaloneSupport/UnityEditor.OSXStandalone.Extensions.dll
Registered in 0.087594 seconds.
Native extension for OSXStandalone target not found
Native extension for WebGL target not found
Refreshing native plugins compatible for Editor in 50.51 ms, found 1 plugins.
Preloading 0 native plugins for Editor in 0.00 ms.
Mono: successfully reloaded assembly
- Completed reload, in  6.771 seconds
Platform modules already initialized, skipping
Registering precompiled user dll's ...
Registered in 0.005710 seconds.
Begin MonoManager ReloadAssembly
Native extension for OSXStandalone target not found
Native extension for WebGL target not found
Refreshing native plugins compatible for Editor in 0.49 ms, found 1 plugins.
Preloading 0 native plugins for Editor in 0.00 ms.
Current Scripting Backend Mono2x  Target:Standalone
UnityEngine.StackTraceUtility:ExtractStackTrace () (at /Users/bokken/buildslave/unity/build/Runtime/Export/Scripting/StackTrace.cs:37)
UnityEngine.DebugLogHandler:LogFormat (UnityEngine.LogType,UnityEngine.Object,string,object[])
UnityEngine.Logger:Log (UnityEngine.LogType,object)
UnityEngine.Debug:Log (object)
SwitchDll:Check () (at Assets/NuitrackSDK/Nuitrack/NuitrackAssembly/Editor/SwitchDll.cs:50)
SwitchDll:.cctor () (at Assets/NuitrackSDK/Nuitrack/NuitrackAssembly/Editor/SwitchDll.cs:17)
System.Runtime.CompilerServices.RuntimeHelpers:RunClassConstructor (System.RuntimeTypeHandle)
UnityEditor.EditorAssemblies:ProcessInitializeOnLoadAttributes (System.Type[]) (at /Users/bokken/buildslave/unity/build/Editor/Mono/EditorAssemblies.cs:114)

(Filename: Assets/NuitrackSDK/Nuitrack/NuitrackAssembly/Editor/SwitchDll.cs Line: 50)

Cannot set deprecated build target 'Linux' for Assets/NuitrackSDK/Nuitrack/NuitrackAssembly/IL2CPP/nuitrack.net.dll
UnityEngine.StackTraceUtility:ExtractStackTrace () (at /Users/bokken/buildslave/unity/build/Runtime/Export/Scripting/StackTrace.cs:37)
UnityEditor.PluginImporter:SetCompatibleWithPlatform (string,bool) (at /Users/bokken/buildslave/unity/build/Modules/AssetPipelineEditor/Public/PluginImporter.bindings.cs:247)
UnityEditor.PluginImporter:SetCompatibleWithPlatform (UnityEditor.BuildTarget,bool) (at /Users/bokken/buildslave/unity/build/Modules/AssetPipelineEditor/Public/PluginImporter.bindings.cs:227)
SwitchDll:SwitchCompatibleWithPlatform (UnityEditor.PluginImporter,bool) (at Assets/NuitrackSDK/Nuitrack/NuitrackAssembly/Editor/SwitchDll.cs:101)
SwitchDll:Check () (at Assets/NuitrackSDK/Nuitrack/NuitrackAssembly/Editor/SwitchDll.cs:87)
SwitchDll:.cctor () (at Assets/NuitrackSDK/Nuitrack/NuitrackAssembly/Editor/SwitchDll.cs:17)
System.Runtime.CompilerServices.RuntimeHelpers:RunClassConstructor (System.RuntimeTypeHandle)
UnityEditor.EditorAssemblies:ProcessInitializeOnLoadAttributes (System.Type[]) (at /Users/bokken/buildslave/unity/build/Editor/Mono/EditorAssemblies.cs:114)

[Assets/NuitrackSDK/Nuitrack/NuitrackAssembly/Editor/SwitchDll.cs line 101]

Platform StandaloneOSX. Switch Nuitrack dll to Assets/NuitrackSDK/Nuitrack/NuitrackAssembly/nuitrack.net.dll
UnityEngine.StackTraceUtility:ExtractStackTrace () (at /Users/bokken/buildslave/unity/build/Runtime/Export/Scripting/StackTrace.cs:37)
UnityEngine.DebugLogHandler:LogFormat (UnityEngine.LogType,UnityEngine.Object,string,object[])
UnityEngine.Logger:Log (UnityEngine.LogType,object)
UnityEngine.Debug:Log (object)
SwitchDll:SwitchCompatibleWithPlatform (UnityEditor.PluginImporter,bool) (at Assets/NuitrackSDK/Nuitrack/NuitrackAssembly/Editor/SwitchDll.cs:96)
SwitchDll:Check () (at Assets/NuitrackSDK/Nuitrack/NuitrackAssembly/Editor/SwitchDll.cs:88)
SwitchDll:.cctor () (at Assets/NuitrackSDK/Nuitrack/NuitrackAssembly/Editor/SwitchDll.cs:17)
System.Runtime.CompilerServices.RuntimeHelpers:RunClassConstructor (System.RuntimeTypeHandle)
UnityEditor.EditorAssemblies:ProcessInitializeOnLoadAttributes (System.Type[]) (at /Users/bokken/buildslave/unity/build/Editor/Mono/EditorAssemblies.cs:114)

(Filename: Assets/NuitrackSDK/Nuitrack/NuitrackAssembly/Editor/SwitchDll.cs Line: 96)

Cannot set deprecated build target 'Linux' for Assets/NuitrackSDK/Nuitrack/NuitrackAssembly/nuitrack.net.dll
UnityEngine.StackTraceUtility:ExtractStackTrace () (at /Users/bokken/buildslave/unity/build/Runtime/Export/Scripting/StackTrace.cs:37)
UnityEditor.PluginImporter:SetCompatibleWithPlatform (string,bool) (at /Users/bokken/buildslave/unity/build/Modules/AssetPipelineEditor/Public/PluginImporter.bindings.cs:247)
UnityEditor.PluginImporter:SetCompatibleWithPlatform (UnityEditor.BuildTarget,bool) (at /Users/bokken/buildslave/unity/build/Modules/AssetPipelineEditor/Public/PluginImporter.bindings.cs:227)
SwitchDll:SwitchCompatibleWithPlatform (UnityEditor.PluginImporter,bool) (at Assets/NuitrackSDK/Nuitrack/NuitrackAssembly/Editor/SwitchDll.cs:101)
SwitchDll:Check () (at Assets/NuitrackSDK/Nuitrack/NuitrackAssembly/Editor/SwitchDll.cs:88)
SwitchDll:.cctor () (at Assets/NuitrackSDK/Nuitrack/NuitrackAssembly/Editor/SwitchDll.cs:17)
System.Runtime.CompilerServices.RuntimeHelpers:RunClassConstructor (System.RuntimeTypeHandle)
UnityEditor.EditorAssemblies:ProcessInitializeOnLoadAttributes (System.Type[]) (at /Users/bokken/buildslave/unity/build/Editor/Mono/EditorAssemblies.cs:114)

[Assets/NuitrackSDK/Nuitrack/NuitrackAssembly/Editor/SwitchDll.cs line 101]

Cannot set deprecated build target 'Linux' for Assets/NuitrackSDK/Nuitrack/NuitrackAssembly/iOS/nuitrack.net.dll
UnityEngine.StackTraceUtility:ExtractStackTrace () (at /Users/bokken/buildslave/unity/build/Runtime/Export/Scripting/StackTrace.cs:37)
UnityEditor.PluginImporter:SetCompatibleWithPlatform (string,bool) (at /Users/bokken/buildslave/unity/build/Modules/AssetPipelineEditor/Public/PluginImporter.bindings.cs:247)
UnityEditor.PluginImporter:SetCompatibleWithPlatform (UnityEditor.BuildTarget,bool) (at /Users/bokken/buildslave/unity/build/Modules/AssetPipelineEditor/Public/PluginImporter.bindings.cs:227)
SwitchDll:SwitchCompatibleWithPlatform (UnityEditor.PluginImporter,bool) (at Assets/NuitrackSDK/Nuitrack/NuitrackAssembly/Editor/SwitchDll.cs:101)
SwitchDll:Check () (at Assets/NuitrackSDK/Nuitrack/NuitrackAssembly/Editor/SwitchDll.cs:89)
SwitchDll:.cctor () (at Assets/NuitrackSDK/Nuitrack/NuitrackAssembly/Editor/SwitchDll.cs:17)
System.Runtime.CompilerServices.RuntimeHelpers:RunClassConstructor (System.RuntimeTypeHandle)
UnityEditor.EditorAssemblies:ProcessInitializeOnLoadAttributes (System.Type[]) (at /Users/bokken/buildslave/unity/build/Editor/Mono/EditorAssemblies.cs:114)

[Assets/NuitrackSDK/Nuitrack/NuitrackAssembly/Editor/SwitchDll.cs line 101]

Mono: successfully reloaded assembly
- Completed reload, in  2.024 seconds
Platform modules already initialized, skipping
========================================================================
Worker process is ready to serve import requests
Launching external process: /Volumes/EXTMAC/Applications/Unity/2020.3.7f1/Unity.app/Contents/Tools/UnityShaderCompiler
Launched and connected shader compiler UnityShaderCompiler after 0.12 seconds
Refreshing native plugins compatible for Editor in 0.66 ms, found 1 plugins.
Preloading 0 native plugins for Editor in 0.00 ms.
Unloading 1230 Unused Serialized files (Serialized files now loaded: 0)
System memory in use before: 122.1 MB.
System memory in use after: 122.0 MB.

Unloading 14 unused Assets to reduce memory usage. Loaded Objects now: 1672.
Total: 4.103796 ms (FindLiveObjects: 0.533608 ms CreateObjectMapping: 0.226424 ms MarkObjects: 3.184081 ms  DeleteObjects: 0.157447 ms)

========================================================================
Received Import Request.
  path: Assets/Resources/LevelPrefabs/New Material.mat
  artifactKey: Guid(b70cb678730fb415b86a4ea31a52db1c) Importer(815301076,1909f56bfc062723c751e8b465ee728b)
Start importing Assets/Resources/LevelPrefabs/New Material.mat using Guid(b70cb678730fb415b86a4ea31a52db1c) Importer(815301076,1909f56bfc062723c751e8b465ee728b)  -> (artifact id: '3a6547ce4334a5548136dade5bac0ebb') in 0.890751 seconds
  Import took 0.897730 seconds .

========================================================================
Received Import Request.
  Time since last request: 189.585042 seconds.
  path: Assets/Resources/LevelPrefabs/New Material.mat
  artifactKey: Guid(b70cb678730fb415b86a4ea31a52db1c) Importer(815301076,1909f56bfc062723c751e8b465ee728b)
Start importing Assets/Resources/LevelPrefabs/New Material.mat using Guid(b70cb678730fb415b86a4ea31a52db1c) Importer(815301076,1909f56bfc062723c751e8b465ee728b)  -> (artifact id: '77b67f936708d87a889c31b69f8fbfc3') in 0.044401 seconds
  Import took 0.064824 seconds .

========================================================================
Received Import Request.
  Time since last request: 3.194247 seconds.
  path: Assets/Resources/LevelPrefabs/DefaultLevelPrefab.prefab
  artifactKey: Guid(f01c9b956c2e04c8dbe04c89dd265de6) Importer(815301076,1909f56bfc062723c751e8b465ee728b)
Start importing Assets/Resources/LevelPrefabs/DefaultLevelPrefab.prefab using Guid(f01c9b956c2e04c8dbe04c89dd265de6) Importer(815301076,1909f56bfc062723c751e8b465ee728b)  -> (artifact id: '8e7fe0ea90da13afae9a5ae225f561b6') in 0.664580 seconds
  Import took 0.670637 seconds .

